Not Found: /asc/
Not Found: /asc/
Not Found: /asc/
Not Found: /asc/
Not Found: /asc/
Not Found: /asc/
Not Found: /asc/
Not Found: /ascbackend/
Not Found: /asc/
Not Found: /asc/
/home/ananxsab/virtualenv/ascweb/3.9/lib/python3.9/site-packages/rest_framework/pagination.py:207: UnorderedObjectListWarning: Pagination may yield inconsistent results with an unordered object_list: <class 'website.models.Portfolio'> QuerySet.
  paginator = self.django_paginator_class(queryset, page_size)
/home/ananxsab/virtualenv/ascweb/3.9/lib/python3.9/site-packages/rest_framework/pagination.py:207: UnorderedObjectListWarning: Pagination may yield inconsistent results with an unordered object_list: <class 'website.models.Portfolio'> QuerySet.
  paginator = self.django_paginator_class(queryset, page_size)
/home/ananxsab/virtualenv/ascweb/3.9/lib/python3.9/site-packages/rest_framework/pagination.py:207: UnorderedObjectListWarning: Pagination may yield inconsistent results with an unordered object_list: <class 'Career.models.Skill'> QuerySet.
  paginator = self.django_paginator_class(queryset, page_size)
/home/ananxsab/virtualenv/ascweb/3.9/lib/python3.9/site-packages/rest_framework/pagination.py:207: UnorderedObjectListWarning: Pagination may yield inconsistent results with an unordered object_list: <class 'Blogs.models.Author'> QuerySet.
  paginator = self.django_paginator_class(queryset, page_size)
/home/ananxsab/virtualenv/ascweb/3.9/lib/python3.9/site-packages/rest_framework/pagination.py:207: UnorderedObjectListWarning: Pagination may yield inconsistent results with an unordered object_list: <class 'Blogs.models.Author'> QuerySet.
  paginator = self.django_paginator_class(queryset, page_size)
/home/ananxsab/virtualenv/ascweb/3.9/lib/python3.9/site-packages/rest_framework/pagination.py:207: UnorderedObjectListWarning: Pagination may yield inconsistent results with an unordered object_list: <class 'Career.models.Skill'> QuerySet.
  paginator = self.django_paginator_class(queryset, page_size)
/home/ananxsab/virtualenv/ascweb/3.9/lib/python3.9/site-packages/rest_framework/pagination.py:207: UnorderedObjectListWarning: Pagination may yield inconsistent results with an unordered object_list: <class 'Career.models.Skill'> QuerySet.
  paginator = self.django_paginator_class(queryset, page_size)
/home/ananxsab/virtualenv/ascweb/3.9/lib/python3.9/site-packages/rest_framework/pagination.py:207: UnorderedObjectListWarning: Pagination may yield inconsistent results with an unordered object_list: <class 'website.models.Aboutus'> QuerySet.
  paginator = self.django_paginator_class(queryset, page_size)
/home/ananxsab/virtualenv/ascweb/3.9/lib/python3.9/site-packages/rest_framework/pagination.py:207: UnorderedObjectListWarning: Pagination may yield inconsistent results with an unordered object_list: <class 'website.models.Aboutus'> QuerySet.
  paginator = self.django_paginator_class(queryset, page_size)
/home/ananxsab/virtualenv/ascweb/3.9/lib/python3.9/site-packages/rest_framework/pagination.py:207: UnorderedObjectListWarning: Pagination may yield inconsistent results with an unordered object_list: <class 'website.models.Aboutus'> QuerySet.
  paginator = self.django_paginator_class(queryset, page_size)
/home/ananxsab/virtualenv/ascweb/3.9/lib/python3.9/site-packages/rest_framework/pagination.py:207: UnorderedObjectListWarning: Pagination may yield inconsistent results with an unordered object_list: <class 'website.models.Aboutus'> QuerySet.
  paginator = self.django_paginator_class(queryset, page_size)
/home/ananxsab/virtualenv/ascweb/3.9/lib/python3.9/site-packages/rest_framework/pagination.py:207: UnorderedObjectListWarning: Pagination may yield inconsistent results with an unordered object_list: <class 'website.models.Aboutus'> QuerySet.
  paginator = self.django_paginator_class(queryset, page_size)
/home/ananxsab/virtualenv/ascweb/3.9/lib/python3.9/site-packages/rest_framework/pagination.py:207: UnorderedObjectListWarning: Pagination may yield inconsistent results with an unordered object_list: <class 'website.models.Aboutus'> QuerySet.
  paginator = self.django_paginator_class(queryset, page_size)
/home/ananxsab/virtualenv/ascweb/3.9/lib/python3.9/site-packages/rest_framework/pagination.py:207: UnorderedObjectListWarning: Pagination may yield inconsistent results with an unordered object_list: <class 'website.models.Aboutus'> QuerySet.
  paginator = self.django_paginator_class(queryset, page_size)
/home/ananxsab/virtualenv/ascweb/3.9/lib/python3.9/site-packages/rest_framework/pagination.py:207: UnorderedObjectListWarning: Pagination may yield inconsistent results with an unordered object_list: <class 'website.models.Aboutus'> QuerySet.
  paginator = self.django_paginator_class(queryset, page_size)
/home/ananxsab/virtualenv/ascweb/3.9/lib/python3.9/site-packages/rest_framework/pagination.py:207: UnorderedObjectListWarning: Pagination may yield inconsistent results with an unordered object_list: <class 'website.models.Aboutus'> QuerySet.
  paginator = self.django_paginator_class(queryset, page_size)
/home/ananxsab/virtualenv/ascweb/3.9/lib/python3.9/site-packages/rest_framework/pagination.py:207: UnorderedObjectListWarning: Pagination may yield inconsistent results with an unordered object_list: <class 'Career.models.Skill'> QuerySet.
  paginator = self.django_paginator_class(queryset, page_size)
/home/ananxsab/virtualenv/ascweb/3.9/lib/python3.9/site-packages/rest_framework/pagination.py:207: UnorderedObjectListWarning: Pagination may yield inconsistent results with an unordered object_list: <class 'Blogs.models.Author'> QuerySet.
  paginator = self.django_paginator_class(queryset, page_size)
/home/ananxsab/virtualenv/ascweb/3.9/lib/python3.9/site-packages/rest_framework/pagination.py:207: UnorderedObjectListWarning: Pagination may yield inconsistent results with an unordered object_list: <class 'Blogs.models.Author'> QuerySet.
  paginator = self.django_paginator_class(queryset, page_size)
/home/ananxsab/virtualenv/ascweb/3.9/lib/python3.9/site-packages/rest_framework/pagination.py:207: UnorderedObjectListWarning: Pagination may yield inconsistent results with an unordered object_list: <class 'Career.models.Skill'> QuerySet.
  paginator = self.django_paginator_class(queryset, page_size)
/home/ananxsab/virtualenv/ascweb/3.9/lib/python3.9/site-packages/rest_framework/pagination.py:207: UnorderedObjectListWarning: Pagination may yield inconsistent results with an unordered object_list: <class 'Career.models.Skill'> QuerySet.
  paginator = self.django_paginator_class(queryset, page_size)
/home/ananxsab/virtualenv/ascweb/3.9/lib/python3.9/site-packages/rest_framework/pagination.py:207: UnorderedObjectListWarning: Pagination may yield inconsistent results with an unordered object_list: <class 'Career.models.Skill'> QuerySet.
  paginator = self.django_paginator_class(queryset, page_size)
/home/ananxsab/virtualenv/ascweb/3.9/lib/python3.9/site-packages/rest_framework/pagination.py:207: UnorderedObjectListWarning: Pagination may yield inconsistent results with an unordered object_list: <class 'Career.models.Skill'> QuerySet.
  paginator = self.django_paginator_class(queryset, page_size)
/home/ananxsab/virtualenv/ascweb/3.9/lib/python3.9/site-packages/rest_framework/pagination.py:207: UnorderedObjectListWarning: Pagination may yield inconsistent results with an unordered object_list: <class 'Career.models.Skill'> QuerySet.
  paginator = self.django_paginator_class(queryset, page_size)
/home/ananxsab/virtualenv/ascweb/3.9/lib/python3.9/site-packages/rest_framework/pagination.py:207: UnorderedObjectListWarning: Pagination may yield inconsistent results with an unordered object_list: <class 'Career.models.Skill'> QuerySet.
  paginator = self.django_paginator_class(queryset, page_size)
/home/ananxsab/virtualenv/ascweb/3.9/lib/python3.9/site-packages/rest_framework/pagination.py:207: UnorderedObjectListWarning: Pagination may yield inconsistent results with an unordered object_list: <class 'Career.models.Skill'> QuerySet.
  paginator = self.django_paginator_class(queryset, page_size)
/home/ananxsab/virtualenv/ascweb/3.9/lib/python3.9/site-packages/rest_framework/pagination.py:207: UnorderedObjectListWarning: Pagination may yield inconsistent results with an unordered object_list: <class 'Career.models.Skill'> QuerySet.
  paginator = self.django_paginator_class(queryset, page_size)
/home/ananxsab/virtualenv/ascweb/3.9/lib/python3.9/site-packages/rest_framework/pagination.py:207: UnorderedObjectListWarning: Pagination may yield inconsistent results with an unordered object_list: <class 'Career.models.Skill'> QuerySet.
  paginator = self.django_paginator_class(queryset, page_size)
/home/ananxsab/virtualenv/ascweb/3.9/lib/python3.9/site-packages/rest_framework/pagination.py:207: UnorderedObjectListWarning: Pagination may yield inconsistent results with an unordered object_list: <class 'Career.models.Skill'> QuerySet.
  paginator = self.django_paginator_class(queryset, page_size)
/home/ananxsab/virtualenv/ascweb/3.9/lib/python3.9/site-packages/rest_framework/pagination.py:207: UnorderedObjectListWarning: Pagination may yield inconsistent results with an unordered object_list: <class 'Career.models.Skill'> QuerySet.
  paginator = self.django_paginator_class(queryset, page_size)
/home/ananxsab/virtualenv/ascweb/3.9/lib/python3.9/site-packages/rest_framework/pagination.py:207: UnorderedObjectListWarning: Pagination may yield inconsistent results with an unordered object_list: <class 'Career.models.Skill'> QuerySet.
  paginator = self.django_paginator_class(queryset, page_size)
/home/ananxsab/virtualenv/ascweb/3.9/lib/python3.9/site-packages/rest_framework/pagination.py:207: UnorderedObjectListWarning: Pagination may yield inconsistent results with an unordered object_list: <class 'Career.models.Skill'> QuerySet.
  paginator = self.django_paginator_class(queryset, page_size)
/home/ananxsab/virtualenv/ascweb/3.9/lib/python3.9/site-packages/rest_framework/pagination.py:207: UnorderedObjectListWarning: Pagination may yield inconsistent results with an unordered object_list: <class 'Career.models.Skill'> QuerySet.
  paginator = self.django_paginator_class(queryset, page_size)
/home/ananxsab/virtualenv/ascweb/3.9/lib/python3.9/site-packages/rest_framework/pagination.py:207: UnorderedObjectListWarning: Pagination may yield inconsistent results with an unordered object_list: <class 'website.models.Aboutus'> QuerySet.
  paginator = self.django_paginator_class(queryset, page_size)
/home/ananxsab/virtualenv/ascweb/3.9/lib/python3.9/site-packages/rest_framework/pagination.py:207: UnorderedObjectListWarning: Pagination may yield inconsistent results with an unordered object_list: <class 'Career.models.Skill'> QuerySet.
  paginator = self.django_paginator_class(queryset, page_size)
[ERROR] [UID:1760][155661] wsgiAppHandler pApp->start_response() return NULL.
Traceback (most recent call last):
  File "/home/ananxsab/virtualenv/ascweb/3.9/lib/python3.9/site-packages/django/core/handlers/exception.py", line 55, in inner
    response = get_response(request)
  File "/home/ananxsab/virtualenv/ascweb/3.9/lib/python3.9/site-packages/django/core/handlers/base.py", line 181, in _get_response
    callback, callback_args, callback_kwargs = self.resolve_request(request)
  File "/home/ananxsab/virtualenv/ascweb/3.9/lib/python3.9/site-packages/django/core/handlers/base.py", line 313, in resolve_request
    resolver_match = resolver.resolve(request.path_info)
  File "/home/ananxsab/virtualenv/ascweb/3.9/lib/python3.9/site-packages/django/urls/resolvers.py", line 663, in resolve
    for pattern in self.url_patterns:
  File "/home/ananxsab/virtualenv/ascweb/3.9/lib/python3.9/site-packages/django/utils/functional.py", line 57, in __get__
    res = instance.__dict__[self.name] = self.func(instance)
  File "/home/ananxsab/virtualenv/ascweb/3.9/lib/python3.9/site-packages/django/urls/resolvers.py", line 715, in url_patterns
    patterns = getattr(self.urlconf_module, "urlpatterns", self.urlconf_module)
  File "/home/ananxsab/virtualenv/ascweb/3.9/lib/python3.9/site-packages/django/utils/functional.py", line 57, in __get__
    res = instance.__dict__[self.name] = self.func(instance)
  File "/home/ananxsab/virtualenv/ascweb/3.9/lib/python3.9/site-packages/django/urls/resolvers.py", line 708, in urlconf_module
    return import_module(self.urlconf_name)
  File "/opt/alt/python39/lib64/python3.9/importlib/__init__.py", line 127, in import_module
    return _bootstrap._gcd_import(name[level:], package, level)
  File "<frozen importlib._bootstrap>", line 1030, in _gcd_import
  File "<frozen importlib._bootstrap>", line 1007, in _find_and_load
  File "<frozen importlib._bootstrap>", line 986, in _find_and_load_unlocked
  File "<frozen importlib._bootstrap>", line 680, in _load_unlocked
  File "<frozen importlib._bootstrap_external>", line 850, in exec_module
  File "<frozen importlib._bootstrap>", line 228, in _call_with_frames_removed
  File "/home/ananxsab/ascweb/mywebsite/urls.py", line 32, in <module>
    path('api/contact/', include('Contact.urls')),
  File "/home/ananxsab/virtualenv/ascweb/3.9/lib/python3.9/site-packages/django/urls/conf.py", line 38, in include
    urlconf_module = import_module(urlconf_module)
  File "/opt/alt/python39/lib64/python3.9/importlib/__init__.py", line 127, in import_module
    return _bootstrap._gcd_import(name[level:], package, level)
  File "<frozen importlib._bootstrap>", line 1030, in _gcd_import
  File "<frozen importlib._bootstrap>", line 1007, in _find_and_load
  File "<frozen importlib._bootstrap>", line 986, in _find_and_load_unlocked
  File "<frozen importlib._bootstrap>", line 680, in _load_unlocked
  File "<frozen importlib._bootstrap_external>", line 850, in exec_module
  File "<frozen importlib._bootstrap>", line 228, in _call_with_frames_removed
  File "/home/ananxsab/ascweb/Contact/urls.py", line 3, in <module>
    from .views import (
  File "/home/ananxsab/ascweb/Contact/views.py", line 32, in <module>
    class ContactEnquiryViewSet(viewsets.ModelViewSet):
  File "/home/ananxsab/ascweb/Contact/views.py", line 35, in ContactEnquiryViewSet
    permission_classes = [AllowAny]
NameError: name 'AllowAny' is not defined

During handling of the above exception, another exception occurred:

Traceback (most recent call last):
  File "/home/ananxsab/virtualenv/ascweb/3.9/lib/python3.9/site-packages/django/core/handlers/exception.py", line 55, in inner
    response = get_response(request)
  File "/home/ananxsab/virtualenv/ascweb/3.9/lib/python3.9/site-packages/django/utils/deprecation.py", line 134, in __call__
    response = response or self.get_response(request)
  File "/home/ananxsab/virtualenv/ascweb/3.9/lib/python3.9/site-packages/django/core/handlers/exception.py", line 57, in inner
    response = response_for_exception(request, exc)
  File "/home/ananxsab/virtualenv/ascweb/3.9/lib/python3.9/site-packages/django/core/handlers/exception.py", line 140, in response_for_exception
    response = handle_uncaught_exception(
  File "/home/ananxsab/virtualenv/ascweb/3.9/lib/python3.9/site-packages/django/core/handlers/exception.py", line 184, in handle_uncaught_exception
    callback = resolver.resolve_error_handler(500)
  File "/home/ananxsab/virtualenv/ascweb/3.9/lib/python3.9/site-packages/django/urls/resolvers.py", line 729, in resolve_error_handler
    callback = getattr(self.urlconf_module, "handler%s" % view_type, None)
  File "/home/ananxsab/virtualenv/ascweb/3.9/lib/python3.9/site-packages/django/utils/functional.py", line 57, in __get__
    res = instance.__dict__[self.name] = self.func(instance)
  File "/home/ananxsab/virtualenv/ascweb/3.9/lib/python3.9/site-packages/django/urls/resolvers.py", line 708, in urlconf_module
    return import_module(self.urlconf_name)
  File "/opt/alt/python39/lib64/python3.9/importlib/__init__.py", line 127, in import_module
    return _bootstrap._gcd_import(name[level:], package, level)
  File "<frozen importlib._bootstrap>", line 1030, in _gcd_import
  File "<frozen importlib._bootstrap>", line 1007, in _find_and_load
  File "<frozen importlib._bootstrap>", line 986, in _find_and_load_unlocked
  File "<frozen importlib._bootstrap>", line 680, in _load_unlocked
  File "<frozen importlib._bootstrap_external>", line 850, in exec_module
  File "<frozen importlib._bootstrap>", line 228, in _call_with_frames_removed
  File "/home/ananxsab/ascweb/mywebsite/urls.py", line 32, in <module>
    path('api/contact/', include('Contact.urls')),
  File "/home/ananxsab/virtualenv/ascweb/3.9/lib/python3.9/site-packages/django/urls/conf.py", line 38, in include
    urlconf_module = import_module(urlconf_module)
  File "/opt/alt/python39/lib64/python3.9/importlib/__init__.py", line 127, in import_module
    return _bootstrap._gcd_import(name[level:], package, level)
  File "<frozen importlib._bootstrap>", line 1030, in _gcd_import
  File "<frozen importlib._bootstrap>", line 1007, in _find_and_load
  File "<frozen importlib._bootstrap>", line 986, in _find_and_load_unlocked
  File "<frozen importlib._bootstrap>", line 680, in _load_unlocked
  File "<frozen importlib._bootstrap_external>", line 850, in exec_module
  File "<frozen importlib._bootstrap>", line 228, in _call_with_frames_removed
  File "/home/ananxsab/ascweb/Contact/urls.py", line 3, in <module>
    from .views import (
  File "/home/ananxsab/ascweb/Contact/views.py", line 32, in <module>
    class ContactEnquiryViewSet(viewsets.ModelViewSet):
  File "/home/ananxsab/ascweb/Contact/views.py", line 35, in ContactEnquiryViewSet
    permission_classes = [AllowAny]
NameError: name 'AllowAny' is not defined

During handling of the above exception, another exception occurred:

Traceback (most recent call last):
  File "/home/ananxsab/virtualenv/ascweb/3.9/lib/python3.9/site-packages/django/core/handlers/exception.py", line 55, in inner
    response = get_response(request)
  File "/home/ananxsab/virtualenv/ascweb/3.9/lib/python3.9/site-packages/django/utils/deprecation.py", line 134, in __call__
    response = response or self.get_response(request)
  File "/home/ananxsab/virtualenv/ascweb/3.9/lib/python3.9/site-packages/django/core/handlers/exception.py", line 57, in inner
    response = response_for_exception(request, exc)
  File "/home/ananxsab/virtualenv/ascweb/3.9/lib/python3.9/site-packages/django/core/handlers/exception.py", line 140, in response_for_exception
    response = handle_uncaught_exception(
  File "/home/ananxsab/virtualenv/ascweb/3.9/lib/python3.9/site-packages/django/core/handlers/exception.py", line 184, in handle_uncaught_exception
    callback = resolver.resolve_error_handler(500)
  File "/home/ananxsab/virtualenv/ascweb/3.9/lib/python3.9/site-packages/django/urls/resolvers.py", line 729, in resolve_error_handler
    callback = getattr(self.urlconf_module, "handler%s" % view_type, None)
  File "/home/ananxsab/virtualenv/ascweb/3.9/lib/python3.9/site-packages/django/utils/functional.py", line 57, in __get__
    res = instance.__dict__[self.name] = self.func(instance)
  File "/home/ananxsab/virtualenv/ascweb/3.9/lib/python3.9/site-packages/django/urls/resolvers.py", line 708, in urlconf_module
    return import_module(self.urlconf_name)
  File "/opt/alt/python39/lib64/python3.9/importlib/__init__.py", line 127, in import_module
    return _bootstrap._gcd_import(name[level:], package, level)
  File "<frozen importlib._bootstrap>", line 1030, in _gcd_import
  File "<frozen importlib._bootstrap>", line 1007, in _find_and_load
  File "<frozen importlib._bootstrap>", line 986, in _find_and_load_unlocked
  File "<frozen importlib._bootstrap>", line 680, in _load_unlocked
  File "<frozen importlib._bootstrap_external>", line 850, in exec_module
  File "<frozen importlib._bootstrap>", line 228, in _call_with_frames_removed
  File "/home/ananxsab/ascweb/mywebsite/urls.py", line 32, in <module>
    path('api/contact/', include('Contact.urls')),
  File "/home/ananxsab/virtualenv/ascweb/3.9/lib/python3.9/site-packages/django/urls/conf.py", line 38, in include
    urlconf_module = import_module(urlconf_module)
  File "/opt/alt/python39/lib64/python3.9/importlib/__init__.py", line 127, in import_module
    return _bootstrap._gcd_import(name[level:], package, level)
  File "<frozen importlib._bootstrap>", line 1030, in _gcd_import
  File "<frozen importlib._bootstrap>", line 1007, in _find_and_load
  File "<frozen importlib._bootstrap>", line 986, in _find_and_load_unlocked
  File "<frozen importlib._bootstrap>", line 680, in _load_unlocked
  File "<frozen importlib._bootstrap_external>", line 850, in exec_module
  File "<frozen importlib._bootstrap>", line 228, in _call_with_frames_removed
  File "/home/ananxsab/ascweb/Contact/urls.py", line 3, in <module>
    from .views import (
  File "/home/ananxsab/ascweb/Contact/views.py", line 32, in <module>
    class ContactEnquiryViewSet(viewsets.ModelViewSet):
  File "/home/ananxsab/ascweb/Contact/views.py", line 35, in ContactEnquiryViewSet
    permission_classes = [AllowAny]
NameError: name 'AllowAny' is not defined

During handling of the above exception, another exception occurred:

Traceback (most recent call last):
  File "/home/ananxsab/virtualenv/ascweb/3.9/lib/python3.9/site-packages/django/core/handlers/exception.py", line 55, in inner
    response = get_response(request)
  File "/home/ananxsab/virtualenv/ascweb/3.9/lib/python3.9/site-packages/django/utils/deprecation.py", line 134, in __call__
    response = response or self.get_response(request)
  File "/home/ananxsab/virtualenv/ascweb/3.9/lib/python3.9/site-packages/django/core/handlers/exception.py", line 57, in inner
    response = response_for_exception(request, exc)
  File "/home/ananxsab/virtualenv/ascweb/3.9/lib/python3.9/site-packages/django/core/handlers/exception.py", line 140, in response_for_exception
    response = handle_uncaught_exception(
  File "/home/ananxsab/virtualenv/ascweb/3.9/lib/python3.9/site-packages/django/core/handlers/exception.py", line 184, in handle_uncaught_exception
    callback = resolver.resolve_error_handler(500)
  File "/home/ananxsab/virtualenv/ascweb/3.9/lib/python3.9/site-packages/django/urls/resolvers.py", line 729, in resolve_error_handler
    callback = getattr(self.urlconf_module, "handler%s" % view_type, None)
  File "/home/ananxsab/virtualenv/ascweb/3.9/lib/python3.9/site-packages/django/utils/functional.py", line 57, in __get__
    res = instance.__dict__[self.name] = self.func(instance)
  File "/home/ananxsab/virtualenv/ascweb/3.9/lib/python3.9/site-packages/django/urls/resolvers.py", line 708, in urlconf_module
    return import_module(self.urlconf_name)
  File "/opt/alt/python39/lib64/python3.9/importlib/__init__.py", line 127, in import_module
    return _bootstrap._gcd_import(name[level:], package, level)
  File "<frozen importlib._bootstrap>", line 1030, in _gcd_import
  File "<frozen importlib._bootstrap>", line 1007, in _find_and_load
  File "<frozen importlib._bootstrap>", line 986, in _find_and_load_unlocked
  File "<frozen importlib._bootstrap>", line 680, in _load_unlocked
  File "<frozen importlib._bootstrap_external>", line 850, in exec_module
  File "<frozen importlib._bootstrap>", line 228, in _call_with_frames_removed
  File "/home/ananxsab/ascweb/mywebsite/urls.py", line 32, in <module>
    path('api/contact/', include('Contact.urls')),
  File "/home/ananxsab/virtualenv/ascweb/3.9/lib/python3.9/site-packages/django/urls/conf.py", line 38, in include
    urlconf_module = import_module(urlconf_module)
  File "/opt/alt/python39/lib64/python3.9/importlib/__init__.py", line 127, in import_module
    return _bootstrap._gcd_import(name[level:], package, level)
  File "<frozen importlib._bootstrap>", line 1030, in _gcd_import
  File "<frozen importlib._bootstrap>", line 1007, in _find_and_load
  File "<frozen importlib._bootstrap>", line 986, in _find_and_load_unlocked
  File "<frozen importlib._bootstrap>", line 680, in _load_unlocked
  File "<frozen importlib._bootstrap_external>", line 850, in exec_module
  File "<frozen importlib._bootstrap>", line 228, in _call_with_frames_removed
  File "/home/ananxsab/ascweb/Contact/urls.py", line 3, in <module>
    from .views import (
  File "/home/ananxsab/ascweb/Contact/views.py", line 32, in <module>
    class ContactEnquiryViewSet(viewsets.ModelViewSet):
  File "/home/ananxsab/ascweb/Contact/views.py", line 35, in ContactEnquiryViewSet
    permission_classes = [AllowAny]
NameError: name 'AllowAny' is not defined

During handling of the above exception, another exception occurred:

Traceback (most recent call last):
  File "/home/ananxsab/virtualenv/ascweb/3.9/lib/python3.9/site-packages/django/core/handlers/exception.py", line 55, in inner
    response = get_response(request)
  File "/home/ananxsab/virtualenv/ascweb/3.9/lib/python3.9/site-packages/django/utils/deprecation.py", line 134, in __call__
    response = response or self.get_response(request)
  File "/home/ananxsab/virtualenv/ascweb/3.9/lib/python3.9/site-packages/django/core/handlers/exception.py", line 57, in inner
    response = response_for_exception(request, exc)
  File "/home/ananxsab/virtualenv/ascweb/3.9/lib/python3.9/site-packages/django/core/handlers/exception.py", line 140, in response_for_exception
    response = handle_uncaught_exception(
  File "/home/ananxsab/virtualenv/ascweb/3.9/lib/python3.9/site-packages/django/core/handlers/exception.py", line 184, in handle_uncaught_exception
    callback = resolver.resolve_error_handler(500)
  File "/home/ananxsab/virtualenv/ascweb/3.9/lib/python3.9/site-packages/django/urls/resolvers.py", line 729, in resolve_error_handler
    callback = getattr(self.urlconf_module, "handler%s" % view_type, None)
  File "/home/ananxsab/virtualenv/ascweb/3.9/lib/python3.9/site-packages/django/utils/functional.py", line 57, in __get__
    res = instance.__dict__[self.name] = self.func(instance)
  File "/home/ananxsab/virtualenv/ascweb/3.9/lib/python3.9/site-packages/django/urls/resolvers.py", line 708, in urlconf_module
    return import_module(self.urlconf_name)
  File "/opt/alt/python39/lib64/python3.9/importlib/__init__.py", line 127, in import_module
    return _bootstrap._gcd_import(name[level:], package, level)
  File "<frozen importlib._bootstrap>", line 1030, in _gcd_import
  File "<frozen importlib._bootstrap>", line 1007, in _find_and_load
  File "<frozen importlib._bootstrap>", line 986, in _find_and_load_unlocked
  File "<frozen importlib._bootstrap>", line 680, in _load_unlocked
  File "<frozen importlib._bootstrap_external>", line 850, in exec_module
  File "<frozen importlib._bootstrap>", line 228, in _call_with_frames_removed
  File "/home/ananxsab/ascweb/mywebsite/urls.py", line 32, in <module>
    path('api/contact/', include('Contact.urls')),
  File "/home/ananxsab/virtualenv/ascweb/3.9/lib/python3.9/site-packages/django/urls/conf.py", line 38, in include
    urlconf_module = import_module(urlconf_module)
  File "/opt/alt/python39/lib64/python3.9/importlib/__init__.py", line 127, in import_module
    return _bootstrap._gcd_import(name[level:], package, level)
  File "<frozen importlib._bootstrap>", line 1030, in _gcd_import
  File "<frozen importlib._bootstrap>", line 1007, in _find_and_load
  File "<frozen importlib._bootstrap>", line 986, in _find_and_load_unlocked
  File "<frozen importlib._bootstrap>", line 680, in _load_unlocked
  File "<frozen importlib._bootstrap_external>", line 850, in exec_module
  File "<frozen importlib._bootstrap>", line 228, in _call_with_frames_removed
  File "/home/ananxsab/ascweb/Contact/urls.py", line 3, in <module>
    from .views import (
  File "/home/ananxsab/ascweb/Contact/views.py", line 32, in <module>
    class ContactEnquiryViewSet(viewsets.ModelViewSet):
  File "/home/ananxsab/ascweb/Contact/views.py", line 35, in ContactEnquiryViewSet
    permission_classes = [AllowAny]
NameError: name 'AllowAny' is not defined

During handling of the above exception, another exception occurred:

Traceback (most recent call last):
  File "/home/ananxsab/virtualenv/ascweb/3.9/lib/python3.9/site-packages/django/core/handlers/exception.py", line 55, in inner
    response = get_response(request)
  File "/home/ananxsab/virtualenv/ascweb/3.9/lib/python3.9/site-packages/django/utils/deprecation.py", line 134, in __call__
    response = response or self.get_response(request)
  File "/home/ananxsab/virtualenv/ascweb/3.9/lib/python3.9/site-packages/django/core/handlers/exception.py", line 57, in inner
    response = response_for_exception(request, exc)
  File "/home/ananxsab/virtualenv/ascweb/3.9/lib/python3.9/site-packages/django/core/handlers/exception.py", line 140, in response_for_exception
    response = handle_uncaught_exception(
  File "/home/ananxsab/virtualenv/ascweb/3.9/lib/python3.9/site-packages/django/core/handlers/exception.py", line 184, in handle_uncaught_exception
    callback = resolver.resolve_error_handler(500)
  File "/home/ananxsab/virtualenv/ascweb/3.9/lib/python3.9/site-packages/django/urls/resolvers.py", line 729, in resolve_error_handler
    callback = getattr(self.urlconf_module, "handler%s" % view_type, None)
  File "/home/ananxsab/virtualenv/ascweb/3.9/lib/python3.9/site-packages/django/utils/functional.py", line 57, in __get__
    res = instance.__dict__[self.name] = self.func(instance)
  File "/home/ananxsab/virtualenv/ascweb/3.9/lib/python3.9/site-packages/django/urls/resolvers.py", line 708, in urlconf_module
    return import_module(self.urlconf_name)
  File "/opt/alt/python39/lib64/python3.9/importlib/__init__.py", line 127, in import_module
    return _bootstrap._gcd_import(name[level:], package, level)
  File "<frozen importlib._bootstrap>", line 1030, in _gcd_import
  File "<frozen importlib._bootstrap>", line 1007, in _find_and_load
  File "<frozen importlib._bootstrap>", line 986, in _find_and_load_unlocked
  File "<frozen importlib._bootstrap>", line 680, in _load_unlocked
  File "<frozen importlib._bootstrap_external>", line 850, in exec_module
  File "<frozen importlib._bootstrap>", line 228, in _call_with_frames_removed
  File "/home/ananxsab/ascweb/mywebsite/urls.py", line 32, in <module>
    path('api/contact/', include('Contact.urls')),
  File "/home/ananxsab/virtualenv/ascweb/3.9/lib/python3.9/site-packages/django/urls/conf.py", line 38, in include
    urlconf_module = import_module(urlconf_module)
  File "/opt/alt/python39/lib64/python3.9/importlib/__init__.py", line 127, in import_module
    return _bootstrap._gcd_import(name[level:], package, level)
  File "<frozen importlib._bootstrap>", line 1030, in _gcd_import
  File "<frozen importlib._bootstrap>", line 1007, in _find_and_load
  File "<frozen importlib._bootstrap>", line 986, in _find_and_load_unlocked
  File "<frozen importlib._bootstrap>", line 680, in _load_unlocked
  File "<frozen importlib._bootstrap_external>", line 850, in exec_module
  File "<frozen importlib._bootstrap>", line 228, in _call_with_frames_removed
  File "/home/ananxsab/ascweb/Contact/urls.py", line 3, in <module>
    from .views import (
  File "/home/ananxsab/ascweb/Contact/views.py", line 32, in <module>
    class ContactEnquiryViewSet(viewsets.ModelViewSet):
  File "/home/ananxsab/ascweb/Contact/views.py", line 35, in ContactEnquiryViewSet
    permission_classes = [AllowAny]
NameError: name 'AllowAny' is not defined

During handling of the above exception, another exception occurred:

Traceback (most recent call last):
  File "/home/ananxsab/virtualenv/ascweb/3.9/lib/python3.9/site-packages/django/core/handlers/exception.py", line 55, in inner
    response = get_response(request)
  File "/home/ananxsab/virtualenv/ascweb/3.9/lib/python3.9/site-packages/django/utils/deprecation.py", line 134, in __call__
    response = response or self.get_response(request)
  File "/home/ananxsab/virtualenv/ascweb/3.9/lib/python3.9/site-packages/django/core/handlers/exception.py", line 57, in inner
    response = response_for_exception(request, exc)
  File "/home/ananxsab/virtualenv/ascweb/3.9/lib/python3.9/site-packages/django/core/handlers/exception.py", line 140, in response_for_exception
    response = handle_uncaught_exception(
  File "/home/ananxsab/virtualenv/ascweb/3.9/lib/python3.9/site-packages/django/core/handlers/exception.py", line 184, in handle_uncaught_exception
    callback = resolver.resolve_error_handler(500)
  File "/home/ananxsab/virtualenv/ascweb/3.9/lib/python3.9/site-packages/django/urls/resolvers.py", line 729, in resolve_error_handler
    callback = getattr(self.urlconf_module, "handler%s" % view_type, None)
  File "/home/ananxsab/virtualenv/ascweb/3.9/lib/python3.9/site-packages/django/utils/functional.py", line 57, in __get__
    res = instance.__dict__[self.name] = self.func(instance)
  File "/home/ananxsab/virtualenv/ascweb/3.9/lib/python3.9/site-packages/django/urls/resolvers.py", line 708, in urlconf_module
    return import_module(self.urlconf_name)
  File "/opt/alt/python39/lib64/python3.9/importlib/__init__.py", line 127, in import_module
    return _bootstrap._gcd_import(name[level:], package, level)
  File "<frozen importlib._bootstrap>", line 1030, in _gcd_import
  File "<frozen importlib._bootstrap>", line 1007, in _find_and_load
  File "<frozen importlib._bootstrap>", line 986, in _find_and_load_unlocked
  File "<frozen importlib._bootstrap>", line 680, in _load_unlocked
  File "<frozen importlib._bootstrap_external>", line 850, in exec_module
  File "<frozen importlib._bootstrap>", line 228, in _call_with_frames_removed
  File "/home/ananxsab/ascweb/mywebsite/urls.py", line 32, in <module>
    path('api/contact/', include('Contact.urls')),
  File "/home/ananxsab/virtualenv/ascweb/3.9/lib/python3.9/site-packages/django/urls/conf.py", line 38, in include
    urlconf_module = import_module(urlconf_module)
  File "/opt/alt/python39/lib64/python3.9/importlib/__init__.py", line 127, in import_module
    return _bootstrap._gcd_import(name[level:], package, level)
  File "<frozen importlib._bootstrap>", line 1030, in _gcd_import
  File "<frozen importlib._bootstrap>", line 1007, in _find_and_load
  File "<frozen importlib._bootstrap>", line 986, in _find_and_load_unlocked
  File "<frozen importlib._bootstrap>", line 680, in _load_unlocked
  File "<frozen importlib._bootstrap_external>", line 850, in exec_module
  File "<frozen importlib._bootstrap>", line 228, in _call_with_frames_removed
  File "/home/ananxsab/ascweb/Contact/urls.py", line 3, in <module>
    from .views import (
  File "/home/ananxsab/ascweb/Contact/views.py", line 32, in <module>
    class ContactEnquiryViewSet(viewsets.ModelViewSet):
  File "/home/ananxsab/ascweb/Contact/views.py", line 35, in ContactEnquiryViewSet
    permission_classes = [AllowAny]
NameError: name 'AllowAny' is not defined

During handling of the above exception, another exception occurred:

Traceback (most recent call last):
  File "/home/ananxsab/virtualenv/ascweb/3.9/lib/python3.9/site-packages/django/core/handlers/exception.py", line 55, in inner
    response = get_response(request)
  File "/home/ananxsab/virtualenv/ascweb/3.9/lib/python3.9/site-packages/django/utils/deprecation.py", line 134, in __call__
    response = response or self.get_response(request)
  File "/home/ananxsab/virtualenv/ascweb/3.9/lib/python3.9/site-packages/django/core/handlers/exception.py", line 57, in inner
    response = response_for_exception(request, exc)
  File "/home/ananxsab/virtualenv/ascweb/3.9/lib/python3.9/site-packages/django/core/handlers/exception.py", line 140, in response_for_exception
    response = handle_uncaught_exception(
  File "/home/ananxsab/virtualenv/ascweb/3.9/lib/python3.9/site-packages/django/core/handlers/exception.py", line 184, in handle_uncaught_exception
    callback = resolver.resolve_error_handler(500)
  File "/home/ananxsab/virtualenv/ascweb/3.9/lib/python3.9/site-packages/django/urls/resolvers.py", line 729, in resolve_error_handler
    callback = getattr(self.urlconf_module, "handler%s" % view_type, None)
  File "/home/ananxsab/virtualenv/ascweb/3.9/lib/python3.9/site-packages/django/utils/functional.py", line 57, in __get__
    res = instance.__dict__[self.name] = self.func(instance)
  File "/home/ananxsab/virtualenv/ascweb/3.9/lib/python3.9/site-packages/django/urls/resolvers.py", line 708, in urlconf_module
    return import_module(self.urlconf_name)
  File "/opt/alt/python39/lib64/python3.9/importlib/__init__.py", line 127, in import_module
    return _bootstrap._gcd_import(name[level:], package, level)
  File "<frozen importlib._bootstrap>", line 1030, in _gcd_import
  File "<frozen importlib._bootstrap>", line 1007, in _find_and_load
  File "<frozen importlib._bootstrap>", line 986, in _find_and_load_unlocked
  File "<frozen importlib._bootstrap>", line 680, in _load_unlocked
  File "<frozen importlib._bootstrap_external>", line 850, in exec_module
  File "<frozen importlib._bootstrap>", line 228, in _call_with_frames_removed
  File "/home/ananxsab/ascweb/mywebsite/urls.py", line 32, in <module>
    path('api/contact/', include('Contact.urls')),
  File "/home/ananxsab/virtualenv/ascweb/3.9/lib/python3.9/site-packages/django/urls/conf.py", line 38, in include
    urlconf_module = import_module(urlconf_module)
  File "/opt/alt/python39/lib64/python3.9/importlib/__init__.py", line 127, in import_module
    return _bootstrap._gcd_import(name[level:], package, level)
  File "<frozen importlib._bootstrap>", line 1030, in _gcd_import
  File "<frozen importlib._bootstrap>", line 1007, in _find_and_load
  File "<frozen importlib._bootstrap>", line 986, in _find_and_load_unlocked
  File "<frozen importlib._bootstrap>", line 680, in _load_unlocked
  File "<frozen importlib._bootstrap_external>", line 850, in exec_module
  File "<frozen importlib._bootstrap>", line 228, in _call_with_frames_removed
  File "/home/ananxsab/ascweb/Contact/urls.py", line 3, in <module>
    from .views import (
  File "/home/ananxsab/ascweb/Contact/views.py", line 32, in <module>
    class ContactEnquiryViewSet(viewsets.ModelViewSet):
  File "/home/ananxsab/ascweb/Contact/views.py", line 35, in ContactEnquiryViewSet
    permission_classes = [AllowAny]
NameError: name 'AllowAny' is not defined

During handling of the above exception, another exception occurred:

Traceback (most recent call last):
  File "/home/ananxsab/virtualenv/ascweb/3.9/lib/python3.9/site-packages/django/core/handlers/exception.py", line 55, in inner
    response = get_response(request)
  File "/home/ananxsab/ascweb/Blogs/middleware.py", line 9, in __call__
    response = self.get_response(request)
  File "/home/ananxsab/virtualenv/ascweb/3.9/lib/python3.9/site-packages/django/core/handlers/exception.py", line 57, in inner
    response = response_for_exception(request, exc)
  File "/home/ananxsab/virtualenv/ascweb/3.9/lib/python3.9/site-packages/django/core/handlers/exception.py", line 140, in response_for_exception
    response = handle_uncaught_exception(
  File "/home/ananxsab/virtualenv/ascweb/3.9/lib/python3.9/site-packages/django/core/handlers/exception.py", line 184, in handle_uncaught_exception
    callback = resolver.resolve_error_handler(500)
  File "/home/ananxsab/virtualenv/ascweb/3.9/lib/python3.9/site-packages/django/urls/resolvers.py", line 729, in resolve_error_handler
    callback = getattr(self.urlconf_module, "handler%s" % view_type, None)
  File "/home/ananxsab/virtualenv/ascweb/3.9/lib/python3.9/site-packages/django/utils/functional.py", line 57, in __get__
    res = instance.__dict__[self.name] = self.func(instance)
  File "/home/ananxsab/virtualenv/ascweb/3.9/lib/python3.9/site-packages/django/urls/resolvers.py", line 708, in urlconf_module
    return import_module(self.urlconf_name)
  File "/opt/alt/python39/lib64/python3.9/importlib/__init__.py", line 127, in import_module
    return _bootstrap._gcd_import(name[level:], package, level)
  File "<frozen importlib._bootstrap>", line 1030, in _gcd_import
  File "<frozen importlib._bootstrap>", line 1007, in _find_and_load
  File "<frozen importlib._bootstrap>", line 986, in _find_and_load_unlocked
  File "<frozen importlib._bootstrap>", line 680, in _load_unlocked
  File "<frozen importlib._bootstrap_external>", line 850, in exec_module
  File "<frozen importlib._bootstrap>", line 228, in _call_with_frames_removed
  File "/home/ananxsab/ascweb/mywebsite/urls.py", line 32, in <module>
    path('api/contact/', include('Contact.urls')),
  File "/home/ananxsab/virtualenv/ascweb/3.9/lib/python3.9/site-packages/django/urls/conf.py", line 38, in include
    urlconf_module = import_module(urlconf_module)
  File "/opt/alt/python39/lib64/python3.9/importlib/__init__.py", line 127, in import_module
    return _bootstrap._gcd_import(name[level:], package, level)
  File "<frozen importlib._bootstrap>", line 1030, in _gcd_import
  File "<frozen importlib._bootstrap>", line 1007, in _find_and_load
  File "<frozen importlib._bootstrap>", line 986, in _find_and_load_unlocked
  File "<frozen importlib._bootstrap>", line 680, in _load_unlocked
  File "<frozen importlib._bootstrap_external>", line 850, in exec_module
  File "<frozen importlib._bootstrap>", line 228, in _call_with_frames_removed
  File "/home/ananxsab/ascweb/Contact/urls.py", line 3, in <module>
    from .views import (
  File "/home/ananxsab/ascweb/Contact/views.py", line 32, in <module>
    class ContactEnquiryViewSet(viewsets.ModelViewSet):
  File "/home/ananxsab/ascweb/Contact/views.py", line 35, in ContactEnquiryViewSet
    permission_classes = [AllowAny]
NameError: name 'AllowAny' is not defined

During handling of the above exception, another exception occurred:

Traceback (most recent call last):
  File "/home/ananxsab/virtualenv/ascweb/3.9/lib/python3.9/site-packages/django/core/handlers/exception.py", line 55, in inner
    response = get_response(request)
  File "/home/ananxsab/virtualenv/ascweb/3.9/lib/python3.9/site-packages/corsheaders/middleware.py", line 56, in __call__
    result = self.get_response(request)
  File "/home/ananxsab/virtualenv/ascweb/3.9/lib/python3.9/site-packages/django/core/handlers/exception.py", line 57, in inner
    response = response_for_exception(request, exc)
  File "/home/ananxsab/virtualenv/ascweb/3.9/lib/python3.9/site-packages/django/core/handlers/exception.py", line 140, in response_for_exception
    response = handle_uncaught_exception(
  File "/home/ananxsab/virtualenv/ascweb/3.9/lib/python3.9/site-packages/django/core/handlers/exception.py", line 184, in handle_uncaught_exception
    callback = resolver.resolve_error_handler(500)
  File "/home/ananxsab/virtualenv/ascweb/3.9/lib/python3.9/site-packages/django/urls/resolvers.py", line 729, in resolve_error_handler
    callback = getattr(self.urlconf_module, "handler%s" % view_type, None)
  File "/home/ananxsab/virtualenv/ascweb/3.9/lib/python3.9/site-packages/django/utils/functional.py", line 57, in __get__
    res = instance.__dict__[self.name] = self.func(instance)
  File "/home/ananxsab/virtualenv/ascweb/3.9/lib/python3.9/site-packages/django/urls/resolvers.py", line 708, in urlconf_module
    return import_module(self.urlconf_name)
  File "/opt/alt/python39/lib64/python3.9/importlib/__init__.py", line 127, in import_module
    return _bootstrap._gcd_import(name[level:], package, level)
  File "<frozen importlib._bootstrap>", line 1030, in _gcd_import
  File "<frozen importlib._bootstrap>", line 1007, in _find_and_load
  File "<frozen importlib._bootstrap>", line 986, in _find_and_load_unlocked
  File "<frozen importlib._bootstrap>", line 680, in _load_unlocked
  File "<frozen importlib._bootstrap_external>", line 850, in exec_module
  File "<frozen importlib._bootstrap>", line 228, in _call_with_frames_removed
  File "/home/ananxsab/ascweb/mywebsite/urls.py", line 32, in <module>
    path('api/contact/', include('Contact.urls')),
  File "/home/ananxsab/virtualenv/ascweb/3.9/lib/python3.9/site-packages/django/urls/conf.py", line 38, in include
    urlconf_module = import_module(urlconf_module)
  File "/opt/alt/python39/lib64/python3.9/importlib/__init__.py", line 127, in import_module
    return _bootstrap._gcd_import(name[level:], package, level)
  File "<frozen importlib._bootstrap>", line 1030, in _gcd_import
  File "<frozen importlib._bootstrap>", line 1007, in _find_and_load
  File "<frozen importlib._bootstrap>", line 986, in _find_and_load_unlocked
  File "<frozen importlib._bootstrap>", line 680, in _load_unlocked
  File "<frozen importlib._bootstrap_external>", line 850, in exec_module
  File "<frozen importlib._bootstrap>", line 228, in _call_with_frames_removed
  File "/home/ananxsab/ascweb/Contact/urls.py", line 3, in <module>
    from .views import (
  File "/home/ananxsab/ascweb/Contact/views.py", line 32, in <module>
    class ContactEnquiryViewSet(viewsets.ModelViewSet):
  File "/home/ananxsab/ascweb/Contact/views.py", line 35, in ContactEnquiryViewSet
    permission_classes = [AllowAny]
NameError: name 'AllowAny' is not defined

During handling of the above exception, another exception occurred:

Traceback (most recent call last):
  File "/home/ananxsab/virtualenv/ascweb/3.9/lib/python3.9/site-packages/django/core/handlers/wsgi.py", line 124, in __call__
    response = self.get_response(request)
  File "/home/ananxsab/virtualenv/ascweb/3.9/lib/python3.9/site-packages/django/core/handlers/base.py", line 140, in get_response
    response = self._middleware_chain(request)
  File "/home/ananxsab/virtualenv/ascweb/3.9/lib/python3.9/site-packages/django/core/handlers/exception.py", line 57, in inner
    response = response_for_exception(request, exc)
  File "/home/ananxsab/virtualenv/ascweb/3.9/lib/python3.9/site-packages/django/core/handlers/exception.py", line 140, in response_for_exception
    response = handle_uncaught_exception(
  File "/home/ananxsab/virtualenv/ascweb/3.9/lib/python3.9/site-packages/django/core/handlers/exception.py", line 184, in handle_uncaught_exception
    callback = resolver.resolve_error_handler(500)
  File "/home/ananxsab/virtualenv/ascweb/3.9/lib/python3.9/site-packages/django/urls/resolvers.py", line 729, in resolve_error_handler
    callback = getattr(self.urlconf_module, "handler%s" % view_type, None)
  File "/home/ananxsab/virtualenv/ascweb/3.9/lib/python3.9/site-packages/django/utils/functional.py", line 57, in __get__
    res = instance.__dict__[self.name] = self.func(instance)
  File "/home/ananxsab/virtualenv/ascweb/3.9/lib/python3.9/site-packages/django/urls/resolvers.py", line 708, in urlconf_module
    return import_module(self.urlconf_name)
  File "/opt/alt/python39/lib64/python3.9/importlib/__init__.py", line 127, in import_module
    return _bootstrap._gcd_import(name[level:], package, level)
  File "<frozen importlib._bootstrap>", line 1030, in _gcd_import
  File "<frozen importlib._bootstrap>", line 1007, in _find_and_load
  File "<frozen importlib._bootstrap>", line 986, in _find_and_load_unlocked
  File "<frozen importlib._bootstrap>", line 680, in _load_unlocked
  File "<frozen importlib._bootstrap_external>", line 850, in exec_module
  File "<frozen importlib._bootstrap>", line 228, in _call_with_frames_removed
  File "/home/ananxsab/ascweb/mywebsite/urls.py", line 32, in <module>
    path('api/contact/', include('Contact.urls')),
  File "/home/ananxsab/virtualenv/ascweb/3.9/lib/python3.9/site-packages/django/urls/conf.py", line 38, in include
    urlconf_module = import_module(urlconf_module)
  File "/opt/alt/python39/lib64/python3.9/importlib/__init__.py", line 127, in import_module
    return _bootstrap._gcd_import(name[level:], package, level)
  File "<frozen importlib._bootstrap>", line 1030, in _gcd_import
  File "<frozen importlib._bootstrap>", line 1007, in _find_and_load
  File "<frozen importlib._bootstrap>", line 986, in _find_and_load_unlocked
  File "<frozen importlib._bootstrap>", line 680, in _load_unlocked
  File "<frozen importlib._bootstrap_external>", line 850, in exec_module
  File "<frozen importlib._bootstrap>", line 228, in _call_with_frames_removed
  File "/home/ananxsab/ascweb/Contact/urls.py", line 3, in <module>
    from .views import (
  File "/home/ananxsab/ascweb/Contact/views.py", line 32, in <module>
    class ContactEnquiryViewSet(viewsets.ModelViewSet):
  File "/home/ananxsab/ascweb/Contact/views.py", line 35, in ContactEnquiryViewSet
    permission_classes = [AllowAny]
NameError: name 'AllowAny' is not defined
Failed to send notification emails: 'Settings' object has no attribute 'SITE_URL'
Failed to send notification emails: 'Settings' object has no attribute 'SITE_URL'
Failed to send notification emails: 'Settings' object has no attribute 'SITE_URL'
/home/ananxsab/virtualenv/ascweb/3.9/lib/python3.9/site-packages/rest_framework/pagination.py:207: UnorderedObjectListWarning: Pagination may yield inconsistent results with an unordered object_list: <class 'Blogs.models.Author'> QuerySet.
  paginator = self.django_paginator_class(queryset, page_size)
/home/ananxsab/virtualenv/ascweb/3.9/lib/python3.9/site-packages/rest_framework/pagination.py:207: UnorderedObjectListWarning: Pagination may yield inconsistent results with an unordered object_list: <class 'Blogs.models.Author'> QuerySet.
  paginator = self.django_paginator_class(queryset, page_size)
/home/ananxsab/virtualenv/ascweb/3.9/lib/python3.9/site-packages/rest_framework/pagination.py:207: UnorderedObjectListWarning: Pagination may yield inconsistent results with an unordered object_list: <class 'website.models.Aboutus'> QuerySet.
  paginator = self.django_paginator_class(queryset, page_size)
/home/ananxsab/virtualenv/ascweb/3.9/lib/python3.9/site-packages/rest_framework/pagination.py:207: UnorderedObjectListWarning: Pagination may yield inconsistent results with an unordered object_list: <class 'Blogs.models.Author'> QuerySet.
  paginator = self.django_paginator_class(queryset, page_size)
/home/ananxsab/virtualenv/ascweb/3.9/lib/python3.9/site-packages/rest_framework/pagination.py:207: UnorderedObjectListWarning: Pagination may yield inconsistent results with an unordered object_list: <class 'Blogs.models.Author'> QuerySet.
  paginator = self.django_paginator_class(queryset, page_size)
/home/ananxsab/virtualenv/ascweb/3.9/lib/python3.9/site-packages/rest_framework/pagination.py:207: UnorderedObjectListWarning: Pagination may yield inconsistent results with an unordered object_list: <class 'Blogs.models.Author'> QuerySet.
  paginator = self.django_paginator_class(queryset, page_size)
/home/ananxsab/virtualenv/ascweb/3.9/lib/python3.9/site-packages/rest_framework/pagination.py:207: UnorderedObjectListWarning: Pagination may yield inconsistent results with an unordered object_list: <class 'Blogs.models.Author'> QuerySet.
  paginator = self.django_paginator_class(queryset, page_size)
/home/ananxsab/virtualenv/ascweb/3.9/lib/python3.9/site-packages/rest_framework/pagination.py:207: UnorderedObjectListWarning: Pagination may yield inconsistent results with an unordered object_list: <class 'Blogs.models.Author'> QuerySet.
  paginator = self.django_paginator_class(queryset, page_size)
/home/ananxsab/virtualenv/ascweb/3.9/lib/python3.9/site-packages/rest_framework/pagination.py:207: UnorderedObjectListWarning: Pagination may yield inconsistent results with an unordered object_list: <class 'Blogs.models.Author'> QuerySet.
  paginator = self.django_paginator_class(queryset, page_size)
/home/ananxsab/virtualenv/ascweb/3.9/lib/python3.9/site-packages/rest_framework/pagination.py:207: UnorderedObjectListWarning: Pagination may yield inconsistent results with an unordered object_list: <class 'Blogs.models.Author'> QuerySet.
  paginator = self.django_paginator_class(queryset, page_size)
/home/ananxsab/virtualenv/ascweb/3.9/lib/python3.9/site-packages/rest_framework/pagination.py:207: UnorderedObjectListWarning: Pagination may yield inconsistent results with an unordered object_list: <class 'Blogs.models.Author'> QuerySet.
  paginator = self.django_paginator_class(queryset, page_size)
/home/ananxsab/virtualenv/ascweb/3.9/lib/python3.9/site-packages/rest_framework/pagination.py:207: UnorderedObjectListWarning: Pagination may yield inconsistent results with an unordered object_list: <class 'Blogs.models.Author'> QuerySet.
  paginator = self.django_paginator_class(queryset, page_size)
/home/ananxsab/virtualenv/ascweb/3.9/lib/python3.9/site-packages/rest_framework/pagination.py:207: UnorderedObjectListWarning: Pagination may yield inconsistent results with an unordered object_list: <class 'Blogs.models.Author'> QuerySet.
  paginator = self.django_paginator_class(queryset, page_size)
/home/ananxsab/virtualenv/ascweb/3.9/lib/python3.9/site-packages/rest_framework/pagination.py:207: UnorderedObjectListWarning: Pagination may yield inconsistent results with an unordered object_list: <class 'Blogs.models.Author'> QuerySet.
  paginator = self.django_paginator_class(queryset, page_size)
/home/ananxsab/virtualenv/ascweb/3.9/lib/python3.9/site-packages/rest_framework/pagination.py:207: UnorderedObjectListWarning: Pagination may yield inconsistent results with an unordered object_list: <class 'Blogs.models.Author'> QuerySet.
  paginator = self.django_paginator_class(queryset, page_size)
/home/ananxsab/virtualenv/ascweb/3.9/lib/python3.9/site-packages/rest_framework/pagination.py:207: UnorderedObjectListWarning: Pagination may yield inconsistent results with an unordered object_list: <class 'Blogs.models.Author'> QuerySet.
  paginator = self.django_paginator_class(queryset, page_size)
/home/ananxsab/virtualenv/ascweb/3.9/lib/python3.9/site-packages/rest_framework/pagination.py:207: UnorderedObjectListWarning: Pagination may yield inconsistent results with an unordered object_list: <class 'Blogs.models.Author'> QuerySet.
  paginator = self.django_paginator_class(queryset, page_size)
/home/ananxsab/virtualenv/ascweb/3.9/lib/python3.9/site-packages/rest_framework/pagination.py:207: UnorderedObjectListWarning: Pagination may yield inconsistent results with an unordered object_list: <class 'Blogs.models.Author'> QuerySet.
  paginator = self.django_paginator_class(queryset, page_size)
/home/ananxsab/virtualenv/ascweb/3.9/lib/python3.9/site-packages/rest_framework/pagination.py:207: UnorderedObjectListWarning: Pagination may yield inconsistent results with an unordered object_list: <class 'Blogs.models.Author'> QuerySet.
  paginator = self.django_paginator_class(queryset, page_size)
/home/ananxsab/virtualenv/ascweb/3.9/lib/python3.9/site-packages/rest_framework/pagination.py:207: UnorderedObjectListWarning: Pagination may yield inconsistent results with an unordered object_list: <class 'Blogs.models.Author'> QuerySet.
  paginator = self.django_paginator_class(queryset, page_size)
/home/ananxsab/virtualenv/ascweb/3.9/lib/python3.9/site-packages/rest_framework/pagination.py:207: UnorderedObjectListWarning: Pagination may yield inconsistent results with an unordered object_list: <class 'Blogs.models.Author'> QuerySet.
  paginator = self.django_paginator_class(queryset, page_size)
/home/ananxsab/virtualenv/ascweb/3.9/lib/python3.9/site-packages/rest_framework/pagination.py:207: UnorderedObjectListWarning: Pagination may yield inconsistent results with an unordered object_list: <class 'Blogs.models.Author'> QuerySet.
  paginator = self.django_paginator_class(queryset, page_size)
/home/ananxsab/virtualenv/ascweb/3.9/lib/python3.9/site-packages/rest_framework/pagination.py:207: UnorderedObjectListWarning: Pagination may yield inconsistent results with an unordered object_list: <class 'Blogs.models.Author'> QuerySet.
  paginator = self.django_paginator_class(queryset, page_size)
/home/ananxsab/virtualenv/ascweb/3.9/lib/python3.9/site-packages/rest_framework/pagination.py:207: UnorderedObjectListWarning: Pagination may yield inconsistent results with an unordered object_list: <class 'Blogs.models.Author'> QuerySet.
  paginator = self.django_paginator_class(queryset, page_size)
/home/ananxsab/virtualenv/ascweb/3.9/lib/python3.9/site-packages/rest_framework/pagination.py:207: UnorderedObjectListWarning: Pagination may yield inconsistent results with an unordered object_list: <class 'Blogs.models.Author'> QuerySet.
  paginator = self.django_paginator_class(queryset, page_size)
/home/ananxsab/virtualenv/ascweb/3.9/lib/python3.9/site-packages/rest_framework/pagination.py:207: UnorderedObjectListWarning: Pagination may yield inconsistent results with an unordered object_list: <class 'Blogs.models.Author'> QuerySet.
  paginator = self.django_paginator_class(queryset, page_size)
/home/ananxsab/virtualenv/ascweb/3.9/lib/python3.9/site-packages/rest_framework/pagination.py:207: UnorderedObjectListWarning: Pagination may yield inconsistent results with an unordered object_list: <class 'website.models.Testimonials'> QuerySet.
  paginator = self.django_paginator_class(queryset, page_size)
/home/ananxsab/virtualenv/ascweb/3.9/lib/python3.9/site-packages/rest_framework/pagination.py:207: UnorderedObjectListWarning: Pagination may yield inconsistent results with an unordered object_list: <class 'website.models.Testimonials'> QuerySet.
  paginator = self.django_paginator_class(queryset, page_size)
/home/ananxsab/virtualenv/ascweb/3.9/lib/python3.9/site-packages/rest_framework/pagination.py:207: UnorderedObjectListWarning: Pagination may yield inconsistent results with an unordered object_list: <class 'website.models.Testimonials'> QuerySet.
  paginator = self.django_paginator_class(queryset, page_size)
/home/ananxsab/virtualenv/ascweb/3.9/lib/python3.9/site-packages/rest_framework/pagination.py:207: UnorderedObjectListWarning: Pagination may yield inconsistent results with an unordered object_list: <class 'website.models.Testimonials'> QuerySet.
  paginator = self.django_paginator_class(queryset, page_size)
/home/ananxsab/virtualenv/ascweb/3.9/lib/python3.9/site-packages/rest_framework/pagination.py:207: UnorderedObjectListWarning: Pagination may yield inconsistent results with an unordered object_list: <class 'website.models.Testimonials'> QuerySet.
  paginator = self.django_paginator_class(queryset, page_size)
/home/ananxsab/virtualenv/ascweb/3.9/lib/python3.9/site-packages/rest_framework/pagination.py:207: UnorderedObjectListWarning: Pagination may yield inconsistent results with an unordered object_list: <class 'website.models.Testimonials'> QuerySet.
  paginator = self.django_paginator_class(queryset, page_size)
/home/ananxsab/virtualenv/ascweb/3.9/lib/python3.9/site-packages/rest_framework/pagination.py:207: UnorderedObjectListWarning: Pagination may yield inconsistent results with an unordered object_list: <class 'website.models.Aboutus'> QuerySet.
  paginator = self.django_paginator_class(queryset, page_size)
/home/ananxsab/virtualenv/ascweb/3.9/lib/python3.9/site-packages/rest_framework/pagination.py:207: UnorderedObjectListWarning: Pagination may yield inconsistent results with an unordered object_list: <class 'website.models.Testimonials'> QuerySet.
  paginator = self.django_paginator_class(queryset, page_size)
/home/ananxsab/virtualenv/ascweb/3.9/lib/python3.9/site-packages/rest_framework/pagination.py:207: UnorderedObjectListWarning: Pagination may yield inconsistent results with an unordered object_list: <class 'website.models.Testimonials'> QuerySet.
  paginator = self.django_paginator_class(queryset, page_size)
/home/ananxsab/virtualenv/ascweb/3.9/lib/python3.9/site-packages/rest_framework/pagination.py:207: UnorderedObjectListWarning: Pagination may yield inconsistent results with an unordered object_list: <class 'website.models.Testimonials'> QuerySet.
  paginator = self.django_paginator_class(queryset, page_size)
/home/ananxsab/virtualenv/ascweb/3.9/lib/python3.9/site-packages/rest_framework/pagination.py:207: UnorderedObjectListWarning: Pagination may yield inconsistent results with an unordered object_list: <class 'website.models.Testimonials'> QuerySet.
  paginator = self.django_paginator_class(queryset, page_size)
/home/ananxsab/virtualenv/ascweb/3.9/lib/python3.9/site-packages/rest_framework/pagination.py:207: UnorderedObjectListWarning: Pagination may yield inconsistent results with an unordered object_list: <class 'website.models.Testimonials'> QuerySet.
  paginator = self.django_paginator_class(queryset, page_size)
/home/ananxsab/virtualenv/ascweb/3.9/lib/python3.9/site-packages/rest_framework/pagination.py:207: UnorderedObjectListWarning: Pagination may yield inconsistent results with an unordered object_list: <class 'website.models.Testimonials'> QuerySet.
  paginator = self.django_paginator_class(queryset, page_size)
/home/ananxsab/virtualenv/ascweb/3.9/lib/python3.9/site-packages/rest_framework/pagination.py:207: UnorderedObjectListWarning: Pagination may yield inconsistent results with an unordered object_list: <class 'website.models.Testimonials'> QuerySet.
  paginator = self.django_paginator_class(queryset, page_size)
/home/ananxsab/virtualenv/ascweb/3.9/lib/python3.9/site-packages/rest_framework/pagination.py:207: UnorderedObjectListWarning: Pagination may yield inconsistent results with an unordered object_list: <class 'website.models.Testimonials'> QuerySet.
  paginator = self.django_paginator_class(queryset, page_size)
/home/ananxsab/virtualenv/ascweb/3.9/lib/python3.9/site-packages/rest_framework/pagination.py:207: UnorderedObjectListWarning: Pagination may yield inconsistent results with an unordered object_list: <class 'website.models.Testimonials'> QuerySet.
  paginator = self.django_paginator_class(queryset, page_size)
/home/ananxsab/virtualenv/ascweb/3.9/lib/python3.9/site-packages/rest_framework/pagination.py:207: UnorderedObjectListWarning: Pagination may yield inconsistent results with an unordered object_list: <class 'website.models.Testimonials'> QuerySet.
  paginator = self.django_paginator_class(queryset, page_size)
/home/ananxsab/virtualenv/ascweb/3.9/lib/python3.9/site-packages/rest_framework/pagination.py:207: UnorderedObjectListWarning: Pagination may yield inconsistent results with an unordered object_list: <class 'website.models.Aboutus'> QuerySet.
  paginator = self.django_paginator_class(queryset, page_size)
/home/ananxsab/virtualenv/ascweb/3.9/lib/python3.9/site-packages/rest_framework/pagination.py:207: UnorderedObjectListWarning: Pagination may yield inconsistent results with an unordered object_list: <class 'website.models.Testimonials'> QuerySet.
  paginator = self.django_paginator_class(queryset, page_size)
/home/ananxsab/virtualenv/ascweb/3.9/lib/python3.9/site-packages/rest_framework/pagination.py:207: UnorderedObjectListWarning: Pagination may yield inconsistent results with an unordered object_list: <class 'website.models.Testimonials'> QuerySet.
  paginator = self.django_paginator_class(queryset, page_size)
/home/ananxsab/virtualenv/ascweb/3.9/lib/python3.9/site-packages/rest_framework/pagination.py:207: UnorderedObjectListWarning: Pagination may yield inconsistent results with an unordered object_list: <class 'website.models.Testimonials'> QuerySet.
  paginator = self.django_paginator_class(queryset, page_size)
/home/ananxsab/virtualenv/ascweb/3.9/lib/python3.9/site-packages/rest_framework/pagination.py:207: UnorderedObjectListWarning: Pagination may yield inconsistent results with an unordered object_list: <class 'Blogs.models.Author'> QuerySet.
  paginator = self.django_paginator_class(queryset, page_size)
/home/ananxsab/virtualenv/ascweb/3.9/lib/python3.9/site-packages/rest_framework/pagination.py:207: UnorderedObjectListWarning: Pagination may yield inconsistent results with an unordered object_list: <class 'Blogs.models.Author'> QuerySet.
  paginator = self.django_paginator_class(queryset, page_size)
/home/ananxsab/virtualenv/ascweb/3.9/lib/python3.9/site-packages/rest_framework/pagination.py:207: UnorderedObjectListWarning: Pagination may yield inconsistent results with an unordered object_list: <class 'website.models.Testimonials'> QuerySet.
  paginator = self.django_paginator_class(queryset, page_size)
/home/ananxsab/virtualenv/ascweb/3.9/lib/python3.9/site-packages/rest_framework/pagination.py:207: UnorderedObjectListWarning: Pagination may yield inconsistent results with an unordered object_list: <class 'website.models.Testimonials'> QuerySet.
  paginator = self.django_paginator_class(queryset, page_size)
/home/ananxsab/virtualenv/ascweb/3.9/lib/python3.9/site-packages/rest_framework/pagination.py:207: UnorderedObjectListWarning: Pagination may yield inconsistent results with an unordered object_list: <class 'website.models.Testimonials'> QuerySet.
  paginator = self.django_paginator_class(queryset, page_size)
/home/ananxsab/virtualenv/ascweb/3.9/lib/python3.9/site-packages/rest_framework/pagination.py:207: UnorderedObjectListWarning: Pagination may yield inconsistent results with an unordered object_list: <class 'Blogs.models.Author'> QuerySet.
  paginator = self.django_paginator_class(queryset, page_size)
/home/ananxsab/virtualenv/ascweb/3.9/lib/python3.9/site-packages/rest_framework/pagination.py:207: UnorderedObjectListWarning: Pagination may yield inconsistent results with an unordered object_list: <class 'Blogs.models.Author'> QuerySet.
  paginator = self.django_paginator_class(queryset, page_size)
/home/ananxsab/virtualenv/ascweb/3.9/lib/python3.9/site-packages/rest_framework/pagination.py:207: UnorderedObjectListWarning: Pagination may yield inconsistent results with an unordered object_list: <class 'Blogs.models.Author'> QuerySet.
  paginator = self.django_paginator_class(queryset, page_size)
/home/ananxsab/virtualenv/ascweb/3.9/lib/python3.9/site-packages/rest_framework/pagination.py:207: UnorderedObjectListWarning: Pagination may yield inconsistent results with an unordered object_list: <class 'Blogs.models.Author'> QuerySet.
  paginator = self.django_paginator_class(queryset, page_size)
/home/ananxsab/virtualenv/ascweb/3.9/lib/python3.9/site-packages/rest_framework/pagination.py:207: UnorderedObjectListWarning: Pagination may yield inconsistent results with an unordered object_list: <class 'Blogs.models.Author'> QuerySet.
  paginator = self.django_paginator_class(queryset, page_size)
/home/ananxsab/virtualenv/ascweb/3.9/lib/python3.9/site-packages/rest_framework/pagination.py:207: UnorderedObjectListWarning: Pagination may yield inconsistent results with an unordered object_list: <class 'Blogs.models.Author'> QuerySet.
  paginator = self.django_paginator_class(queryset, page_size)
/home/ananxsab/virtualenv/ascweb/3.9/lib/python3.9/site-packages/rest_framework/pagination.py:207: UnorderedObjectListWarning: Pagination may yield inconsistent results with an unordered object_list: <class 'Blogs.models.Author'> QuerySet.
  paginator = self.django_paginator_class(queryset, page_size)
/home/ananxsab/virtualenv/ascweb/3.9/lib/python3.9/site-packages/rest_framework/pagination.py:207: UnorderedObjectListWarning: Pagination may yield inconsistent results with an unordered object_list: <class 'Blogs.models.Author'> QuerySet.
  paginator = self.django_paginator_class(queryset, page_size)
/home/ananxsab/virtualenv/ascweb/3.9/lib/python3.9/site-packages/rest_framework/pagination.py:207: UnorderedObjectListWarning: Pagination may yield inconsistent results with an unordered object_list: <class 'website.models.Testimonials'> QuerySet.
  paginator = self.django_paginator_class(queryset, page_size)
/home/ananxsab/virtualenv/ascweb/3.9/lib/python3.9/site-packages/rest_framework/pagination.py:207: UnorderedObjectListWarning: Pagination may yield inconsistent results with an unordered object_list: <class 'website.models.Testimonials'> QuerySet.
  paginator = self.django_paginator_class(queryset, page_size)
/home/ananxsab/virtualenv/ascweb/3.9/lib/python3.9/site-packages/rest_framework/pagination.py:207: UnorderedObjectListWarning: Pagination may yield inconsistent results with an unordered object_list: <class 'website.models.Testimonials'> QuerySet.
  paginator = self.django_paginator_class(queryset, page_size)
/home/ananxsab/virtualenv/ascweb/3.9/lib/python3.9/site-packages/rest_framework/pagination.py:207: UnorderedObjectListWarning: Pagination may yield inconsistent results with an unordered object_list: <class 'website.models.Testimonials'> QuerySet.
  paginator = self.django_paginator_class(queryset, page_size)
/home/ananxsab/virtualenv/ascweb/3.9/lib/python3.9/site-packages/rest_framework/pagination.py:207: UnorderedObjectListWarning: Pagination may yield inconsistent results with an unordered object_list: <class 'website.models.Testimonials'> QuerySet.
  paginator = self.django_paginator_class(queryset, page_size)
/home/ananxsab/virtualenv/ascweb/3.9/lib/python3.9/site-packages/rest_framework/pagination.py:207: UnorderedObjectListWarning: Pagination may yield inconsistent results with an unordered object_list: <class 'website.models.Testimonials'> QuerySet.
  paginator = self.django_paginator_class(queryset, page_size)
/home/ananxsab/virtualenv/ascweb/3.9/lib/python3.9/site-packages/rest_framework/pagination.py:207: UnorderedObjectListWarning: Pagination may yield inconsistent results with an unordered object_list: <class 'website.models.Testimonials'> QuerySet.
  paginator = self.django_paginator_class(queryset, page_size)
/home/ananxsab/virtualenv/ascweb/3.9/lib/python3.9/site-packages/rest_framework/pagination.py:207: UnorderedObjectListWarning: Pagination may yield inconsistent results with an unordered object_list: <class 'website.models.Aboutus'> QuerySet.
  paginator = self.django_paginator_class(queryset, page_size)
/home/ananxsab/virtualenv/ascweb/3.9/lib/python3.9/site-packages/rest_framework/pagination.py:207: UnorderedObjectListWarning: Pagination may yield inconsistent results with an unordered object_list: <class 'website.models.Testimonials'> QuerySet.
  paginator = self.django_paginator_class(queryset, page_size)
/home/ananxsab/virtualenv/ascweb/3.9/lib/python3.9/site-packages/rest_framework/pagination.py:207: UnorderedObjectListWarning: Pagination may yield inconsistent results with an unordered object_list: <class 'website.models.Testimonials'> QuerySet.
  paginator = self.django_paginator_class(queryset, page_size)
/home/ananxsab/virtualenv/ascweb/3.9/lib/python3.9/site-packages/rest_framework/pagination.py:207: UnorderedObjectListWarning: Pagination may yield inconsistent results with an unordered object_list: <class 'website.models.Testimonials'> QuerySet.
  paginator = self.django_paginator_class(queryset, page_size)
/home/ananxsab/virtualenv/ascweb/3.9/lib/python3.9/site-packages/rest_framework/pagination.py:207: UnorderedObjectListWarning: Pagination may yield inconsistent results with an unordered object_list: <class 'website.models.Testimonials'> QuerySet.
  paginator = self.django_paginator_class(queryset, page_size)
/home/ananxsab/virtualenv/ascweb/3.9/lib/python3.9/site-packages/rest_framework/pagination.py:207: UnorderedObjectListWarning: Pagination may yield inconsistent results with an unordered object_list: <class 'website.models.Testimonials'> QuerySet.
  paginator = self.django_paginator_class(queryset, page_size)
/home/ananxsab/virtualenv/ascweb/3.9/lib/python3.9/site-packages/rest_framework/pagination.py:207: UnorderedObjectListWarning: Pagination may yield inconsistent results with an unordered object_list: <class 'website.models.Testimonials'> QuerySet.
  paginator = self.django_paginator_class(queryset, page_size)
/home/ananxsab/virtualenv/ascweb/3.9/lib/python3.9/site-packages/rest_framework/pagination.py:207: UnorderedObjectListWarning: Pagination may yield inconsistent results with an unordered object_list: <class 'website.models.Testimonials'> QuerySet.
  paginator = self.django_paginator_class(queryset, page_size)
/home/ananxsab/virtualenv/ascweb/3.9/lib/python3.9/site-packages/rest_framework/pagination.py:207: UnorderedObjectListWarning: Pagination may yield inconsistent results with an unordered object_list: <class 'website.models.Aboutus'> QuerySet.
  paginator = self.django_paginator_class(queryset, page_size)
/home/ananxsab/virtualenv/ascweb/3.9/lib/python3.9/site-packages/rest_framework/pagination.py:207: UnorderedObjectListWarning: Pagination may yield inconsistent results with an unordered object_list: <class 'website.models.Testimonials'> QuerySet.
  paginator = self.django_paginator_class(queryset, page_size)
/home/ananxsab/virtualenv/ascweb/3.9/lib/python3.9/site-packages/rest_framework/pagination.py:207: UnorderedObjectListWarning: Pagination may yield inconsistent results with an unordered object_list: <class 'website.models.Testimonials'> QuerySet.
  paginator = self.django_paginator_class(queryset, page_size)
/home/ananxsab/virtualenv/ascweb/3.9/lib/python3.9/site-packages/rest_framework/pagination.py:207: UnorderedObjectListWarning: Pagination may yield inconsistent results with an unordered object_list: <class 'website.models.Testimonials'> QuerySet.
  paginator = self.django_paginator_class(queryset, page_size)
/home/ananxsab/virtualenv/ascweb/3.9/lib/python3.9/site-packages/rest_framework/pagination.py:207: UnorderedObjectListWarning: Pagination may yield inconsistent results with an unordered object_list: <class 'website.models.Testimonials'> QuerySet.
  paginator = self.django_paginator_class(queryset, page_size)
/home/ananxsab/virtualenv/ascweb/3.9/lib/python3.9/site-packages/rest_framework/pagination.py:207: UnorderedObjectListWarning: Pagination may yield inconsistent results with an unordered object_list: <class 'website.models.Testimonials'> QuerySet.
  paginator = self.django_paginator_class(queryset, page_size)
/home/ananxsab/virtualenv/ascweb/3.9/lib/python3.9/site-packages/rest_framework/pagination.py:207: UnorderedObjectListWarning: Pagination may yield inconsistent results with an unordered object_list: <class 'website.models.Testimonials'> QuerySet.
  paginator = self.django_paginator_class(queryset, page_size)
/home/ananxsab/virtualenv/ascweb/3.9/lib/python3.9/site-packages/rest_framework/pagination.py:207: UnorderedObjectListWarning: Pagination may yield inconsistent results with an unordered object_list: <class 'website.models.Testimonials'> QuerySet.
  paginator = self.django_paginator_class(queryset, page_size)
/home/ananxsab/virtualenv/ascweb/3.9/lib/python3.9/site-packages/rest_framework/pagination.py:207: UnorderedObjectListWarning: Pagination may yield inconsistent results with an unordered object_list: <class 'website.models.Testimonials'> QuerySet.
  paginator = self.django_paginator_class(queryset, page_size)
/home/ananxsab/virtualenv/ascweb/3.9/lib/python3.9/site-packages/rest_framework/pagination.py:207: UnorderedObjectListWarning: Pagination may yield inconsistent results with an unordered object_list: <class 'website.models.Testimonials'> QuerySet.
  paginator = self.django_paginator_class(queryset, page_size)
/home/ananxsab/virtualenv/ascweb/3.9/lib/python3.9/site-packages/rest_framework/pagination.py:207: UnorderedObjectListWarning: Pagination may yield inconsistent results with an unordered object_list: <class 'website.models.Testimonials'> QuerySet.
  paginator = self.django_paginator_class(queryset, page_size)
/home/ananxsab/virtualenv/ascweb/3.9/lib/python3.9/site-packages/rest_framework/pagination.py:207: UnorderedObjectListWarning: Pagination may yield inconsistent results with an unordered object_list: <class 'website.models.Testimonials'> QuerySet.
  paginator = self.django_paginator_class(queryset, page_size)
/home/ananxsab/virtualenv/ascweb/3.9/lib/python3.9/site-packages/rest_framework/pagination.py:207: UnorderedObjectListWarning: Pagination may yield inconsistent results with an unordered object_list: <class 'website.models.Testimonials'> QuerySet.
  paginator = self.django_paginator_class(queryset, page_size)
/home/ananxsab/virtualenv/ascweb/3.9/lib/python3.9/site-packages/rest_framework/pagination.py:207: UnorderedObjectListWarning: Pagination may yield inconsistent results with an unordered object_list: <class 'website.models.Testimonials'> QuerySet.
  paginator = self.django_paginator_class(queryset, page_size)
/home/ananxsab/virtualenv/ascweb/3.9/lib/python3.9/site-packages/rest_framework/pagination.py:207: UnorderedObjectListWarning: Pagination may yield inconsistent results with an unordered object_list: <class 'website.models.Testimonials'> QuerySet.
  paginator = self.django_paginator_class(queryset, page_size)
/home/ananxsab/virtualenv/ascweb/3.9/lib/python3.9/site-packages/rest_framework/pagination.py:207: UnorderedObjectListWarning: Pagination may yield inconsistent results with an unordered object_list: <class 'website.models.Testimonials'> QuerySet.
  paginator = self.django_paginator_class(queryset, page_size)
/home/ananxsab/virtualenv/ascweb/3.9/lib/python3.9/site-packages/rest_framework/pagination.py:207: UnorderedObjectListWarning: Pagination may yield inconsistent results with an unordered object_list: <class 'website.models.Testimonials'> QuerySet.
  paginator = self.django_paginator_class(queryset, page_size)
/home/ananxsab/virtualenv/ascweb/3.9/lib/python3.9/site-packages/rest_framework/pagination.py:207: UnorderedObjectListWarning: Pagination may yield inconsistent results with an unordered object_list: <class 'website.models.Testimonials'> QuerySet.
  paginator = self.django_paginator_class(queryset, page_size)
/home/ananxsab/virtualenv/ascweb/3.9/lib/python3.9/site-packages/rest_framework/pagination.py:207: UnorderedObjectListWarning: Pagination may yield inconsistent results with an unordered object_list: <class 'website.models.Testimonials'> QuerySet.
  paginator = self.django_paginator_class(queryset, page_size)
/home/ananxsab/virtualenv/ascweb/3.9/lib/python3.9/site-packages/rest_framework/pagination.py:207: UnorderedObjectListWarning: Pagination may yield inconsistent results with an unordered object_list: <class 'website.models.Testimonials'> QuerySet.
  paginator = self.django_paginator_class(queryset, page_size)
/home/ananxsab/virtualenv/ascweb/3.9/lib/python3.9/site-packages/rest_framework/pagination.py:207: UnorderedObjectListWarning: Pagination may yield inconsistent results with an unordered object_list: <class 'website.models.Testimonials'> QuerySet.
  paginator = self.django_paginator_class(queryset, page_size)
/home/ananxsab/virtualenv/ascweb/3.9/lib/python3.9/site-packages/rest_framework/pagination.py:207: UnorderedObjectListWarning: Pagination may yield inconsistent results with an unordered object_list: <class 'website.models.Testimonials'> QuerySet.
  paginator = self.django_paginator_class(queryset, page_size)
/home/ananxsab/virtualenv/ascweb/3.9/lib/python3.9/site-packages/rest_framework/pagination.py:207: UnorderedObjectListWarning: Pagination may yield inconsistent results with an unordered object_list: <class 'website.models.Testimonials'> QuerySet.
  paginator = self.django_paginator_class(queryset, page_size)
/home/ananxsab/virtualenv/ascweb/3.9/lib/python3.9/site-packages/rest_framework/pagination.py:207: UnorderedObjectListWarning: Pagination may yield inconsistent results with an unordered object_list: <class 'website.models.Testimonials'> QuerySet.
  paginator = self.django_paginator_class(queryset, page_size)
/home/ananxsab/virtualenv/ascweb/3.9/lib/python3.9/site-packages/rest_framework/pagination.py:207: UnorderedObjectListWarning: Pagination may yield inconsistent results with an unordered object_list: <class 'website.models.Testimonials'> QuerySet.
  paginator = self.django_paginator_class(queryset, page_size)
/home/ananxsab/virtualenv/ascweb/3.9/lib/python3.9/site-packages/rest_framework/pagination.py:207: UnorderedObjectListWarning: Pagination may yield inconsistent results with an unordered object_list: <class 'website.models.Testimonials'> QuerySet.
  paginator = self.django_paginator_class(queryset, page_size)
/home/ananxsab/virtualenv/ascweb/3.9/lib/python3.9/site-packages/rest_framework/pagination.py:207: UnorderedObjectListWarning: Pagination may yield inconsistent results with an unordered object_list: <class 'website.models.Testimonials'> QuerySet.
  paginator = self.django_paginator_class(queryset, page_size)
/home/ananxsab/virtualenv/ascweb/3.9/lib/python3.9/site-packages/rest_framework/pagination.py:207: UnorderedObjectListWarning: Pagination may yield inconsistent results with an unordered object_list: <class 'website.models.Testimonials'> QuerySet.
  paginator = self.django_paginator_class(queryset, page_size)
/home/ananxsab/virtualenv/ascweb/3.9/lib/python3.9/site-packages/rest_framework/pagination.py:207: UnorderedObjectListWarning: Pagination may yield inconsistent results with an unordered object_list: <class 'website.models.Testimonials'> QuerySet.
  paginator = self.django_paginator_class(queryset, page_size)
/home/ananxsab/virtualenv/ascweb/3.9/lib/python3.9/site-packages/rest_framework/pagination.py:207: UnorderedObjectListWarning: Pagination may yield inconsistent results with an unordered object_list: <class 'website.models.Aboutus'> QuerySet.
  paginator = self.django_paginator_class(queryset, page_size)
/home/ananxsab/virtualenv/ascweb/3.9/lib/python3.9/site-packages/rest_framework/pagination.py:207: UnorderedObjectListWarning: Pagination may yield inconsistent results with an unordered object_list: <class 'website.models.Testimonials'> QuerySet.
  paginator = self.django_paginator_class(queryset, page_size)
/home/ananxsab/virtualenv/ascweb/3.9/lib/python3.9/site-packages/rest_framework/pagination.py:207: UnorderedObjectListWarning: Pagination may yield inconsistent results with an unordered object_list: <class 'website.models.Testimonials'> QuerySet.
  paginator = self.django_paginator_class(queryset, page_size)
/home/ananxsab/virtualenv/ascweb/3.9/lib/python3.9/site-packages/rest_framework/pagination.py:207: UnorderedObjectListWarning: Pagination may yield inconsistent results with an unordered object_list: <class 'website.models.Testimonials'> QuerySet.
  paginator = self.django_paginator_class(queryset, page_size)
/home/ananxsab/virtualenv/ascweb/3.9/lib/python3.9/site-packages/rest_framework/pagination.py:207: UnorderedObjectListWarning: Pagination may yield inconsistent results with an unordered object_list: <class 'website.models.Testimonials'> QuerySet.
  paginator = self.django_paginator_class(queryset, page_size)
/home/ananxsab/virtualenv/ascweb/3.9/lib/python3.9/site-packages/rest_framework/pagination.py:207: UnorderedObjectListWarning: Pagination may yield inconsistent results with an unordered object_list: <class 'website.models.Testimonials'> QuerySet.
  paginator = self.django_paginator_class(queryset, page_size)
/home/ananxsab/virtualenv/ascweb/3.9/lib/python3.9/site-packages/rest_framework/pagination.py:207: UnorderedObjectListWarning: Pagination may yield inconsistent results with an unordered object_list: <class 'website.models.Testimonials'> QuerySet.
  paginator = self.django_paginator_class(queryset, page_size)
/home/ananxsab/virtualenv/ascweb/3.9/lib/python3.9/site-packages/rest_framework/pagination.py:207: UnorderedObjectListWarning: Pagination may yield inconsistent results with an unordered object_list: <class 'website.models.Testimonials'> QuerySet.
  paginator = self.django_paginator_class(queryset, page_size)
/home/ananxsab/virtualenv/ascweb/3.9/lib/python3.9/site-packages/rest_framework/pagination.py:207: UnorderedObjectListWarning: Pagination may yield inconsistent results with an unordered object_list: <class 'website.models.Testimonials'> QuerySet.
  paginator = self.django_paginator_class(queryset, page_size)
/home/ananxsab/virtualenv/ascweb/3.9/lib/python3.9/site-packages/rest_framework/pagination.py:207: UnorderedObjectListWarning: Pagination may yield inconsistent results with an unordered object_list: <class 'website.models.Testimonials'> QuerySet.
  paginator = self.django_paginator_class(queryset, page_size)
/home/ananxsab/virtualenv/ascweb/3.9/lib/python3.9/site-packages/rest_framework/pagination.py:207: UnorderedObjectListWarning: Pagination may yield inconsistent results with an unordered object_list: <class 'website.models.Testimonials'> QuerySet.
  paginator = self.django_paginator_class(queryset, page_size)
/home/ananxsab/virtualenv/ascweb/3.9/lib/python3.9/site-packages/rest_framework/pagination.py:207: UnorderedObjectListWarning: Pagination may yield inconsistent results with an unordered object_list: <class 'website.models.Testimonials'> QuerySet.
  paginator = self.django_paginator_class(queryset, page_size)
/home/ananxsab/virtualenv/ascweb/3.9/lib/python3.9/site-packages/rest_framework/pagination.py:207: UnorderedObjectListWarning: Pagination may yield inconsistent results with an unordered object_list: <class 'website.models.Aboutus'> QuerySet.
  paginator = self.django_paginator_class(queryset, page_size)
/home/ananxsab/virtualenv/ascweb/3.9/lib/python3.9/site-packages/rest_framework/pagination.py:207: UnorderedObjectListWarning: Pagination may yield inconsistent results with an unordered object_list: <class 'website.models.Aboutus'> QuerySet.
  paginator = self.django_paginator_class(queryset, page_size)
/home/ananxsab/virtualenv/ascweb/3.9/lib/python3.9/site-packages/rest_framework/pagination.py:207: UnorderedObjectListWarning: Pagination may yield inconsistent results with an unordered object_list: <class 'website.models.Testimonials'> QuerySet.
  paginator = self.django_paginator_class(queryset, page_size)
/home/ananxsab/virtualenv/ascweb/3.9/lib/python3.9/site-packages/rest_framework/pagination.py:207: UnorderedObjectListWarning: Pagination may yield inconsistent results with an unordered object_list: <class 'website.models.Testimonials'> QuerySet.
  paginator = self.django_paginator_class(queryset, page_size)
/home/ananxsab/virtualenv/ascweb/3.9/lib/python3.9/site-packages/rest_framework/pagination.py:207: UnorderedObjectListWarning: Pagination may yield inconsistent results with an unordered object_list: <class 'website.models.Testimonials'> QuerySet.
  paginator = self.django_paginator_class(queryset, page_size)
/home/ananxsab/virtualenv/ascweb/3.9/lib/python3.9/site-packages/rest_framework/pagination.py:207: UnorderedObjectListWarning: Pagination may yield inconsistent results with an unordered object_list: <class 'website.models.Testimonials'> QuerySet.
  paginator = self.django_paginator_class(queryset, page_size)
/home/ananxsab/virtualenv/ascweb/3.9/lib/python3.9/site-packages/rest_framework/pagination.py:207: UnorderedObjectListWarning: Pagination may yield inconsistent results with an unordered object_list: <class 'website.models.Testimonials'> QuerySet.
  paginator = self.django_paginator_class(queryset, page_size)
/home/ananxsab/virtualenv/ascweb/3.9/lib/python3.9/site-packages/rest_framework/pagination.py:207: UnorderedObjectListWarning: Pagination may yield inconsistent results with an unordered object_list: <class 'website.models.Testimonials'> QuerySet.
  paginator = self.django_paginator_class(queryset, page_size)
/home/ananxsab/virtualenv/ascweb/3.9/lib/python3.9/site-packages/rest_framework/pagination.py:207: UnorderedObjectListWarning: Pagination may yield inconsistent results with an unordered object_list: <class 'website.models.Testimonials'> QuerySet.
  paginator = self.django_paginator_class(queryset, page_size)
/home/ananxsab/virtualenv/ascweb/3.9/lib/python3.9/site-packages/rest_framework/pagination.py:207: UnorderedObjectListWarning: Pagination may yield inconsistent results with an unordered object_list: <class 'website.models.Testimonials'> QuerySet.
  paginator = self.django_paginator_class(queryset, page_size)
/home/ananxsab/virtualenv/ascweb/3.9/lib/python3.9/site-packages/rest_framework/pagination.py:207: UnorderedObjectListWarning: Pagination may yield inconsistent results with an unordered object_list: <class 'website.models.Testimonials'> QuerySet.
  paginator = self.django_paginator_class(queryset, page_size)
/home/ananxsab/virtualenv/ascweb/3.9/lib/python3.9/site-packages/rest_framework/pagination.py:207: UnorderedObjectListWarning: Pagination may yield inconsistent results with an unordered object_list: <class 'website.models.Testimonials'> QuerySet.
  paginator = self.django_paginator_class(queryset, page_size)
/home/ananxsab/virtualenv/ascweb/3.9/lib/python3.9/site-packages/rest_framework/pagination.py:207: UnorderedObjectListWarning: Pagination may yield inconsistent results with an unordered object_list: <class 'website.models.Testimonials'> QuerySet.
  paginator = self.django_paginator_class(queryset, page_size)
/home/ananxsab/virtualenv/ascweb/3.9/lib/python3.9/site-packages/rest_framework/pagination.py:207: UnorderedObjectListWarning: Pagination may yield inconsistent results with an unordered object_list: <class 'website.models.Testimonials'> QuerySet.
  paginator = self.django_paginator_class(queryset, page_size)
/home/ananxsab/virtualenv/ascweb/3.9/lib/python3.9/site-packages/rest_framework/pagination.py:207: UnorderedObjectListWarning: Pagination may yield inconsistent results with an unordered object_list: <class 'website.models.Testimonials'> QuerySet.
  paginator = self.django_paginator_class(queryset, page_size)
/home/ananxsab/virtualenv/ascweb/3.9/lib/python3.9/site-packages/rest_framework/pagination.py:207: UnorderedObjectListWarning: Pagination may yield inconsistent results with an unordered object_list: <class 'website.models.Aboutus'> QuerySet.
  paginator = self.django_paginator_class(queryset, page_size)
/home/ananxsab/virtualenv/ascweb/3.9/lib/python3.9/site-packages/rest_framework/pagination.py:207: UnorderedObjectListWarning: Pagination may yield inconsistent results with an unordered object_list: <class 'website.models.Testimonials'> QuerySet.
  paginator = self.django_paginator_class(queryset, page_size)
/home/ananxsab/virtualenv/ascweb/3.9/lib/python3.9/site-packages/rest_framework/pagination.py:207: UnorderedObjectListWarning: Pagination may yield inconsistent results with an unordered object_list: <class 'website.models.Testimonials'> QuerySet.
  paginator = self.django_paginator_class(queryset, page_size)
/home/ananxsab/virtualenv/ascweb/3.9/lib/python3.9/site-packages/rest_framework/pagination.py:207: UnorderedObjectListWarning: Pagination may yield inconsistent results with an unordered object_list: <class 'website.models.Aboutus'> QuerySet.
  paginator = self.django_paginator_class(queryset, page_size)
/home/ananxsab/virtualenv/ascweb/3.9/lib/python3.9/site-packages/rest_framework/pagination.py:207: UnorderedObjectListWarning: Pagination may yield inconsistent results with an unordered object_list: <class 'website.models.Testimonials'> QuerySet.
  paginator = self.django_paginator_class(queryset, page_size)
/home/ananxsab/virtualenv/ascweb/3.9/lib/python3.9/site-packages/rest_framework/pagination.py:207: UnorderedObjectListWarning: Pagination may yield inconsistent results with an unordered object_list: <class 'website.models.Testimonials'> QuerySet.
  paginator = self.django_paginator_class(queryset, page_size)
/home/ananxsab/virtualenv/ascweb/3.9/lib/python3.9/site-packages/rest_framework/pagination.py:207: UnorderedObjectListWarning: Pagination may yield inconsistent results with an unordered object_list: <class 'website.models.Testimonials'> QuerySet.
  paginator = self.django_paginator_class(queryset, page_size)
/home/ananxsab/virtualenv/ascweb/3.9/lib/python3.9/site-packages/rest_framework/pagination.py:207: UnorderedObjectListWarning: Pagination may yield inconsistent results with an unordered object_list: <class 'website.models.Testimonials'> QuerySet.
  paginator = self.django_paginator_class(queryset, page_size)
/home/ananxsab/virtualenv/ascweb/3.9/lib/python3.9/site-packages/rest_framework/pagination.py:207: UnorderedObjectListWarning: Pagination may yield inconsistent results with an unordered object_list: <class 'website.models.Testimonials'> QuerySet.
  paginator = self.django_paginator_class(queryset, page_size)
/home/ananxsab/virtualenv/ascweb/3.9/lib/python3.9/site-packages/rest_framework/pagination.py:207: UnorderedObjectListWarning: Pagination may yield inconsistent results with an unordered object_list: <class 'website.models.Testimonials'> QuerySet.
  paginator = self.django_paginator_class(queryset, page_size)
/home/ananxsab/virtualenv/ascweb/3.9/lib/python3.9/site-packages/rest_framework/pagination.py:207: UnorderedObjectListWarning: Pagination may yield inconsistent results with an unordered object_list: <class 'website.models.Testimonials'> QuerySet.
  paginator = self.django_paginator_class(queryset, page_size)
/home/ananxsab/virtualenv/ascweb/3.9/lib/python3.9/site-packages/rest_framework/pagination.py:207: UnorderedObjectListWarning: Pagination may yield inconsistent results with an unordered object_list: <class 'website.models.Testimonials'> QuerySet.
  paginator = self.django_paginator_class(queryset, page_size)
/home/ananxsab/virtualenv/ascweb/3.9/lib/python3.9/site-packages/rest_framework/pagination.py:207: UnorderedObjectListWarning: Pagination may yield inconsistent results with an unordered object_list: <class 'website.models.Testimonials'> QuerySet.
  paginator = self.django_paginator_class(queryset, page_size)
/home/ananxsab/virtualenv/ascweb/3.9/lib/python3.9/site-packages/rest_framework/pagination.py:207: UnorderedObjectListWarning: Pagination may yield inconsistent results with an unordered object_list: <class 'website.models.Testimonials'> QuerySet.
  paginator = self.django_paginator_class(queryset, page_size)
/home/ananxsab/virtualenv/ascweb/3.9/lib/python3.9/site-packages/rest_framework/pagination.py:207: UnorderedObjectListWarning: Pagination may yield inconsistent results with an unordered object_list: <class 'website.models.Aboutus'> QuerySet.
  paginator = self.django_paginator_class(queryset, page_size)
/home/ananxsab/virtualenv/ascweb/3.9/lib/python3.9/site-packages/rest_framework/pagination.py:207: UnorderedObjectListWarning: Pagination may yield inconsistent results with an unordered object_list: <class 'website.models.Testimonials'> QuerySet.
  paginator = self.django_paginator_class(queryset, page_size)
/home/ananxsab/virtualenv/ascweb/3.9/lib/python3.9/site-packages/rest_framework/pagination.py:207: UnorderedObjectListWarning: Pagination may yield inconsistent results with an unordered object_list: <class 'website.models.Testimonials'> QuerySet.
  paginator = self.django_paginator_class(queryset, page_size)
/home/ananxsab/virtualenv/ascweb/3.9/lib/python3.9/site-packages/rest_framework/pagination.py:207: UnorderedObjectListWarning: Pagination may yield inconsistent results with an unordered object_list: <class 'website.models.Testimonials'> QuerySet.
  paginator = self.django_paginator_class(queryset, page_size)
/home/ananxsab/virtualenv/ascweb/3.9/lib/python3.9/site-packages/rest_framework/pagination.py:207: UnorderedObjectListWarning: Pagination may yield inconsistent results with an unordered object_list: <class 'website.models.Testimonials'> QuerySet.
  paginator = self.django_paginator_class(queryset, page_size)
/home/ananxsab/virtualenv/ascweb/3.9/lib/python3.9/site-packages/rest_framework/pagination.py:207: UnorderedObjectListWarning: Pagination may yield inconsistent results with an unordered object_list: <class 'website.models.Testimonials'> QuerySet.
  paginator = self.django_paginator_class(queryset, page_size)
/home/ananxsab/virtualenv/ascweb/3.9/lib/python3.9/site-packages/rest_framework/pagination.py:207: UnorderedObjectListWarning: Pagination may yield inconsistent results with an unordered object_list: <class 'website.models.Testimonials'> QuerySet.
  paginator = self.django_paginator_class(queryset, page_size)
/home/ananxsab/virtualenv/ascweb/3.9/lib/python3.9/site-packages/rest_framework/pagination.py:207: UnorderedObjectListWarning: Pagination may yield inconsistent results with an unordered object_list: <class 'website.models.Testimonials'> QuerySet.
  paginator = self.django_paginator_class(queryset, page_size)
/home/ananxsab/virtualenv/ascweb/3.9/lib/python3.9/site-packages/rest_framework/pagination.py:207: UnorderedObjectListWarning: Pagination may yield inconsistent results with an unordered object_list: <class 'website.models.Testimonials'> QuerySet.
  paginator = self.django_paginator_class(queryset, page_size)
/home/ananxsab/virtualenv/ascweb/3.9/lib/python3.9/site-packages/rest_framework/pagination.py:207: UnorderedObjectListWarning: Pagination may yield inconsistent results with an unordered object_list: <class 'website.models.Testimonials'> QuerySet.
  paginator = self.django_paginator_class(queryset, page_size)
/home/ananxsab/virtualenv/ascweb/3.9/lib/python3.9/site-packages/rest_framework/pagination.py:207: UnorderedObjectListWarning: Pagination may yield inconsistent results with an unordered object_list: <class 'website.models.Testimonials'> QuerySet.
  paginator = self.django_paginator_class(queryset, page_size)
/home/ananxsab/virtualenv/ascweb/3.9/lib/python3.9/site-packages/rest_framework/pagination.py:207: UnorderedObjectListWarning: Pagination may yield inconsistent results with an unordered object_list: <class 'website.models.Testimonials'> QuerySet.
  paginator = self.django_paginator_class(queryset, page_size)
/home/ananxsab/virtualenv/ascweb/3.9/lib/python3.9/site-packages/rest_framework/pagination.py:207: UnorderedObjectListWarning: Pagination may yield inconsistent results with an unordered object_list: <class 'website.models.Testimonials'> QuerySet.
  paginator = self.django_paginator_class(queryset, page_size)
/home/ananxsab/virtualenv/ascweb/3.9/lib/python3.9/site-packages/rest_framework/pagination.py:207: UnorderedObjectListWarning: Pagination may yield inconsistent results with an unordered object_list: <class 'website.models.Testimonials'> QuerySet.
  paginator = self.django_paginator_class(queryset, page_size)
/home/ananxsab/virtualenv/ascweb/3.9/lib/python3.9/site-packages/rest_framework/pagination.py:207: UnorderedObjectListWarning: Pagination may yield inconsistent results with an unordered object_list: <class 'website.models.Testimonials'> QuerySet.
  paginator = self.django_paginator_class(queryset, page_size)
/home/ananxsab/virtualenv/ascweb/3.9/lib/python3.9/site-packages/rest_framework/pagination.py:207: UnorderedObjectListWarning: Pagination may yield inconsistent results with an unordered object_list: <class 'website.models.Testimonials'> QuerySet.
  paginator = self.django_paginator_class(queryset, page_size)
/home/ananxsab/virtualenv/ascweb/3.9/lib/python3.9/site-packages/rest_framework/pagination.py:207: UnorderedObjectListWarning: Pagination may yield inconsistent results with an unordered object_list: <class 'website.models.Aboutus'> QuerySet.
  paginator = self.django_paginator_class(queryset, page_size)
/home/ananxsab/virtualenv/ascweb/3.9/lib/python3.9/site-packages/rest_framework/pagination.py:207: UnorderedObjectListWarning: Pagination may yield inconsistent results with an unordered object_list: <class 'website.models.Aboutus'> QuerySet.
  paginator = self.django_paginator_class(queryset, page_size)
/home/ananxsab/virtualenv/ascweb/3.9/lib/python3.9/site-packages/rest_framework/pagination.py:207: UnorderedObjectListWarning: Pagination may yield inconsistent results with an unordered object_list: <class 'website.models.Aboutus'> QuerySet.
  paginator = self.django_paginator_class(queryset, page_size)
/home/ananxsab/virtualenv/ascweb/3.9/lib/python3.9/site-packages/rest_framework/pagination.py:207: UnorderedObjectListWarning: Pagination may yield inconsistent results with an unordered object_list: <class 'website.models.Aboutus'> QuerySet.
  paginator = self.django_paginator_class(queryset, page_size)
/home/ananxsab/virtualenv/ascweb/3.9/lib/python3.9/site-packages/rest_framework/pagination.py:207: UnorderedObjectListWarning: Pagination may yield inconsistent results with an unordered object_list: <class 'website.models.Testimonials'> QuerySet.
  paginator = self.django_paginator_class(queryset, page_size)
/home/ananxsab/virtualenv/ascweb/3.9/lib/python3.9/site-packages/rest_framework/pagination.py:207: UnorderedObjectListWarning: Pagination may yield inconsistent results with an unordered object_list: <class 'website.models.Testimonials'> QuerySet.
  paginator = self.django_paginator_class(queryset, page_size)
/home/ananxsab/virtualenv/ascweb/3.9/lib/python3.9/site-packages/rest_framework/pagination.py:207: UnorderedObjectListWarning: Pagination may yield inconsistent results with an unordered object_list: <class 'website.models.Aboutus'> QuerySet.
  paginator = self.django_paginator_class(queryset, page_size)
/home/ananxsab/virtualenv/ascweb/3.9/lib/python3.9/site-packages/rest_framework/pagination.py:207: UnorderedObjectListWarning: Pagination may yield inconsistent results with an unordered object_list: <class 'website.models.Testimonials'> QuerySet.
  paginator = self.django_paginator_class(queryset, page_size)
/home/ananxsab/virtualenv/ascweb/3.9/lib/python3.9/site-packages/rest_framework/pagination.py:207: UnorderedObjectListWarning: Pagination may yield inconsistent results with an unordered object_list: <class 'website.models.Testimonials'> QuerySet.
  paginator = self.django_paginator_class(queryset, page_size)
/home/ananxsab/virtualenv/ascweb/3.9/lib/python3.9/site-packages/rest_framework/pagination.py:207: UnorderedObjectListWarning: Pagination may yield inconsistent results with an unordered object_list: <class 'website.models.Testimonials'> QuerySet.
  paginator = self.django_paginator_class(queryset, page_size)
/home/ananxsab/virtualenv/ascweb/3.9/lib/python3.9/site-packages/rest_framework/pagination.py:207: UnorderedObjectListWarning: Pagination may yield inconsistent results with an unordered object_list: <class 'website.models.Testimonials'> QuerySet.
  paginator = self.django_paginator_class(queryset, page_size)
/home/ananxsab/virtualenv/ascweb/3.9/lib/python3.9/site-packages/rest_framework/pagination.py:207: UnorderedObjectListWarning: Pagination may yield inconsistent results with an unordered object_list: <class 'website.models.Testimonials'> QuerySet.
  paginator = self.django_paginator_class(queryset, page_size)
/home/ananxsab/virtualenv/ascweb/3.9/lib/python3.9/site-packages/rest_framework/pagination.py:207: UnorderedObjectListWarning: Pagination may yield inconsistent results with an unordered object_list: <class 'website.models.Aboutus'> QuerySet.
  paginator = self.django_paginator_class(queryset, page_size)
/home/ananxsab/virtualenv/ascweb/3.9/lib/python3.9/site-packages/rest_framework/pagination.py:207: UnorderedObjectListWarning: Pagination may yield inconsistent results with an unordered object_list: <class 'website.models.Testimonials'> QuerySet.
  paginator = self.django_paginator_class(queryset, page_size)
/home/ananxsab/virtualenv/ascweb/3.9/lib/python3.9/site-packages/rest_framework/pagination.py:207: UnorderedObjectListWarning: Pagination may yield inconsistent results with an unordered object_list: <class 'website.models.Aboutus'> QuerySet.
  paginator = self.django_paginator_class(queryset, page_size)
/home/ananxsab/virtualenv/ascweb/3.9/lib/python3.9/site-packages/rest_framework/pagination.py:207: UnorderedObjectListWarning: Pagination may yield inconsistent results with an unordered object_list: <class 'website.models.Testimonials'> QuerySet.
  paginator = self.django_paginator_class(queryset, page_size)
/home/ananxsab/virtualenv/ascweb/3.9/lib/python3.9/site-packages/rest_framework/pagination.py:207: UnorderedObjectListWarning: Pagination may yield inconsistent results with an unordered object_list: <class 'website.models.Testimonials'> QuerySet.
  paginator = self.django_paginator_class(queryset, page_size)
/home/ananxsab/virtualenv/ascweb/3.9/lib/python3.9/site-packages/rest_framework/pagination.py:207: UnorderedObjectListWarning: Pagination may yield inconsistent results with an unordered object_list: <class 'website.models.Testimonials'> QuerySet.
  paginator = self.django_paginator_class(queryset, page_size)
/home/ananxsab/virtualenv/ascweb/3.9/lib/python3.9/site-packages/rest_framework/pagination.py:207: UnorderedObjectListWarning: Pagination may yield inconsistent results with an unordered object_list: <class 'website.models.Aboutus'> QuerySet.
  paginator = self.django_paginator_class(queryset, page_size)
/home/ananxsab/virtualenv/ascweb/3.9/lib/python3.9/site-packages/rest_framework/pagination.py:207: UnorderedObjectListWarning: Pagination may yield inconsistent results with an unordered object_list: <class 'website.models.Aboutus'> QuerySet.
  paginator = self.django_paginator_class(queryset, page_size)
/home/ananxsab/virtualenv/ascweb/3.9/lib/python3.9/site-packages/rest_framework/pagination.py:207: UnorderedObjectListWarning: Pagination may yield inconsistent results with an unordered object_list: <class 'website.models.Testimonials'> QuerySet.
  paginator = self.django_paginator_class(queryset, page_size)
/home/ananxsab/virtualenv/ascweb/3.9/lib/python3.9/site-packages/rest_framework/pagination.py:207: UnorderedObjectListWarning: Pagination may yield inconsistent results with an unordered object_list: <class 'website.models.Aboutus'> QuerySet.
  paginator = self.django_paginator_class(queryset, page_size)
/home/ananxsab/virtualenv/ascweb/3.9/lib/python3.9/site-packages/rest_framework/pagination.py:207: UnorderedObjectListWarning: Pagination may yield inconsistent results with an unordered object_list: <class 'website.models.Aboutus'> QuerySet.
  paginator = self.django_paginator_class(queryset, page_size)
/home/ananxsab/virtualenv/ascweb/3.9/lib/python3.9/site-packages/rest_framework/pagination.py:207: UnorderedObjectListWarning: Pagination may yield inconsistent results with an unordered object_list: <class 'website.models.Testimonials'> QuerySet.
  paginator = self.django_paginator_class(queryset, page_size)
/home/ananxsab/virtualenv/ascweb/3.9/lib/python3.9/site-packages/rest_framework/pagination.py:207: UnorderedObjectListWarning: Pagination may yield inconsistent results with an unordered object_list: <class 'website.models.Testimonials'> QuerySet.
  paginator = self.django_paginator_class(queryset, page_size)
/home/ananxsab/virtualenv/ascweb/3.9/lib/python3.9/site-packages/rest_framework/pagination.py:207: UnorderedObjectListWarning: Pagination may yield inconsistent results with an unordered object_list: <class 'website.models.Testimonials'> QuerySet.
  paginator = self.django_paginator_class(queryset, page_size)
/home/ananxsab/virtualenv/ascweb/3.9/lib/python3.9/site-packages/rest_framework/pagination.py:207: UnorderedObjectListWarning: Pagination may yield inconsistent results with an unordered object_list: <class 'website.models.Testimonials'> QuerySet.
  paginator = self.django_paginator_class(queryset, page_size)
/home/ananxsab/virtualenv/ascweb/3.9/lib/python3.9/site-packages/rest_framework/pagination.py:207: UnorderedObjectListWarning: Pagination may yield inconsistent results with an unordered object_list: <class 'website.models.Testimonials'> QuerySet.
  paginator = self.django_paginator_class(queryset, page_size)
/home/ananxsab/virtualenv/ascweb/3.9/lib/python3.9/site-packages/rest_framework/pagination.py:207: UnorderedObjectListWarning: Pagination may yield inconsistent results with an unordered object_list: <class 'website.models.Testimonials'> QuerySet.
  paginator = self.django_paginator_class(queryset, page_size)
/home/ananxsab/virtualenv/ascweb/3.9/lib/python3.9/site-packages/rest_framework/pagination.py:207: UnorderedObjectListWarning: Pagination may yield inconsistent results with an unordered object_list: <class 'website.models.Testimonials'> QuerySet.
  paginator = self.django_paginator_class(queryset, page_size)
/home/ananxsab/virtualenv/ascweb/3.9/lib/python3.9/site-packages/rest_framework/pagination.py:207: UnorderedObjectListWarning: Pagination may yield inconsistent results with an unordered object_list: <class 'website.models.Testimonials'> QuerySet.
  paginator = self.django_paginator_class(queryset, page_size)
/home/ananxsab/virtualenv/ascweb/3.9/lib/python3.9/site-packages/rest_framework/pagination.py:207: UnorderedObjectListWarning: Pagination may yield inconsistent results with an unordered object_list: <class 'website.models.Testimonials'> QuerySet.
  paginator = self.django_paginator_class(queryset, page_size)
/home/ananxsab/virtualenv/ascweb/3.9/lib/python3.9/site-packages/rest_framework/pagination.py:207: UnorderedObjectListWarning: Pagination may yield inconsistent results with an unordered object_list: <class 'website.models.Testimonials'> QuerySet.
  paginator = self.django_paginator_class(queryset, page_size)
Failed to send notification emails: 'Settings' object has no attribute 'SITE_URL'
/home/ananxsab/virtualenv/ascweb/3.9/lib/python3.9/site-packages/rest_framework/pagination.py:207: UnorderedObjectListWarning: Pagination may yield inconsistent results with an unordered object_list: <class 'website.models.Testimonials'> QuerySet.
  paginator = self.django_paginator_class(queryset, page_size)
/home/ananxsab/virtualenv/ascweb/3.9/lib/python3.9/site-packages/rest_framework/pagination.py:207: UnorderedObjectListWarning: Pagination may yield inconsistent results with an unordered object_list: <class 'website.models.Testimonials'> QuerySet.
  paginator = self.django_paginator_class(queryset, page_size)
/home/ananxsab/virtualenv/ascweb/3.9/lib/python3.9/site-packages/rest_framework/pagination.py:207: UnorderedObjectListWarning: Pagination may yield inconsistent results with an unordered object_list: <class 'website.models.Testimonials'> QuerySet.
  paginator = self.django_paginator_class(queryset, page_size)
/home/ananxsab/virtualenv/ascweb/3.9/lib/python3.9/site-packages/rest_framework/pagination.py:207: UnorderedObjectListWarning: Pagination may yield inconsistent results with an unordered object_list: <class 'website.models.Aboutus'> QuerySet.
  paginator = self.django_paginator_class(queryset, page_size)
/home/ananxsab/virtualenv/ascweb/3.9/lib/python3.9/site-packages/rest_framework/pagination.py:207: UnorderedObjectListWarning: Pagination may yield inconsistent results with an unordered object_list: <class 'website.models.Aboutus'> QuerySet.
  paginator = self.django_paginator_class(queryset, page_size)
/home/ananxsab/virtualenv/ascweb/3.9/lib/python3.9/site-packages/rest_framework/pagination.py:207: UnorderedObjectListWarning: Pagination may yield inconsistent results with an unordered object_list: <class 'website.models.Aboutus'> QuerySet.
  paginator = self.django_paginator_class(queryset, page_size)
/home/ananxsab/virtualenv/ascweb/3.9/lib/python3.9/site-packages/rest_framework/pagination.py:207: UnorderedObjectListWarning: Pagination may yield inconsistent results with an unordered object_list: <class 'website.models.Testimonials'> QuerySet.
  paginator = self.django_paginator_class(queryset, page_size)
/home/ananxsab/virtualenv/ascweb/3.9/lib/python3.9/site-packages/rest_framework/pagination.py:207: UnorderedObjectListWarning: Pagination may yield inconsistent results with an unordered object_list: <class 'website.models.Aboutus'> QuerySet.
  paginator = self.django_paginator_class(queryset, page_size)
/home/ananxsab/virtualenv/ascweb/3.9/lib/python3.9/site-packages/rest_framework/pagination.py:207: UnorderedObjectListWarning: Pagination may yield inconsistent results with an unordered object_list: <class 'website.models.Testimonials'> QuerySet.
  paginator = self.django_paginator_class(queryset, page_size)
/home/ananxsab/virtualenv/ascweb/3.9/lib/python3.9/site-packages/rest_framework/pagination.py:207: UnorderedObjectListWarning: Pagination may yield inconsistent results with an unordered object_list: <class 'website.models.Testimonials'> QuerySet.
  paginator = self.django_paginator_class(queryset, page_size)
/home/ananxsab/virtualenv/ascweb/3.9/lib/python3.9/site-packages/rest_framework/pagination.py:207: UnorderedObjectListWarning: Pagination may yield inconsistent results with an unordered object_list: <class 'website.models.Testimonials'> QuerySet.
  paginator = self.django_paginator_class(queryset, page_size)
/home/ananxsab/virtualenv/ascweb/3.9/lib/python3.9/site-packages/rest_framework/pagination.py:207: UnorderedObjectListWarning: Pagination may yield inconsistent results with an unordered object_list: <class 'website.models.Testimonials'> QuerySet.
  paginator = self.django_paginator_class(queryset, page_size)
/home/ananxsab/virtualenv/ascweb/3.9/lib/python3.9/site-packages/rest_framework/pagination.py:207: UnorderedObjectListWarning: Pagination may yield inconsistent results with an unordered object_list: <class 'website.models.Testimonials'> QuerySet.
  paginator = self.django_paginator_class(queryset, page_size)
/home/ananxsab/virtualenv/ascweb/3.9/lib/python3.9/site-packages/rest_framework/pagination.py:207: UnorderedObjectListWarning: Pagination may yield inconsistent results with an unordered object_list: <class 'website.models.Testimonials'> QuerySet.
  paginator = self.django_paginator_class(queryset, page_size)
/home/ananxsab/virtualenv/ascweb/3.9/lib/python3.9/site-packages/rest_framework/pagination.py:207: UnorderedObjectListWarning: Pagination may yield inconsistent results with an unordered object_list: <class 'website.models.Testimonials'> QuerySet.
  paginator = self.django_paginator_class(queryset, page_size)
/home/ananxsab/virtualenv/ascweb/3.9/lib/python3.9/site-packages/rest_framework/pagination.py:207: UnorderedObjectListWarning: Pagination may yield inconsistent results with an unordered object_list: <class 'website.models.Testimonials'> QuerySet.
  paginator = self.django_paginator_class(queryset, page_size)
Failed to send notification emails: 'Settings' object has no attribute 'SITE_URL'
Failed to send notification emails: 'ContactEnquiry' object has no attribute 'send_notification_emails'
Failed to send notification emails: 'ContactEnquiry' object has no attribute 'send_notification_emails'
[UID:1760][1000256] Child process with pid: 1000310 was killed by signal: 9, core dumped: no
Failed to send notification emails: 'ContactEnquiry' object has no attribute 'send_notification_emails'
Failed to send notification emails: 'ContactEnquiry' object has no attribute 'send_notification_emails'
Failed to send notification emails: 'ContactEnquiry' object has no attribute 'send_notification_emails'
[UID:1760][2374641] Failed to send notification emails: 'ContactEnquiry' object has no attribute 'send_notification_emails'
[UID:1760][3512717] Reached max children process limit: 6, extra: 2, current: 8, busy: 7, please increase LSAPI_CHILDREN.
[UID:1760][3512717] Reached max children process limit: 6, extra: 2, current: 8, busy: 8, please increase LSAPI_CHILDREN.
[UID:1760][3512717] Reached max children process limit: 6, extra: 2, current: 8, busy: 8, please increase LSAPI_CHILDREN.
[UID:1760][3512717] Reached max children process limit: 6, extra: 2, current: 8, busy: 8, please increase LSAPI_CHILDREN.
[UID:1760][3512717] Reached max children process limit: 6, extra: 2, current: 8, busy: 8, please increase LSAPI_CHILDREN.
[UID:1760][3512717] Reached max children process limit: 6, extra: 2, current: 8, busy: 8, please increase LSAPI_CHILDREN.
Failed to send notification emails: 'ContactEnquiry' object has no attribute 'send_notification_emails'
[UID:1760][1530904] Reached max children process limit: 6, extra: 2, current: 8, busy: 6, please increase LSAPI_CHILDREN.
[UID:1760][1530904] Reached max children process limit: 6, extra: 2, current: 8, busy: 8, please increase LSAPI_CHILDREN.
[UID:1760][1530904] Reached max children process limit: 6, extra: 2, current: 8, busy: 8, please increase LSAPI_CHILDREN.
[UID:1760][2492432] Reached max children process limit: 6, extra: 2, current: 8, busy: 6, please increase LSAPI_CHILDREN.
[UID:1760][2492432] Reached max children process limit: 6, extra: 2, current: 8, busy: 8, please increase LSAPI_CHILDREN.
[UID:1760][2492432] Reached max children process limit: 6, extra: 2, current: 8, busy: 8, please increase LSAPI_CHILDREN.
[UID:1760][2492432] Reached max children process limit: 6, extra: 2, current: 8, busy: 8, please increase LSAPI_CHILDREN.
[UID:1760][2492432] Reached max children process limit: 6, extra: 2, current: 8, busy: 8, please increase LSAPI_CHILDREN.
[UID:1760][2492432] Reached max children process limit: 6, extra: 2, current: 8, busy: 8, please increase LSAPI_CHILDREN.
[UID:1760][2492432] Reached max children process limit: 6, extra: 2, current: 8, busy: 8, please increase LSAPI_CHILDREN.
[UID:1760][1246487] [UID:1760][3181096] Reached max children process limit: 6, extra: 2, current: 8, busy: 7, please increase LSAPI_CHILDREN.
[UID:1760][3181096] Reached max children process limit: 6, extra: 2, current: 8, busy: 8, please increase LSAPI_CHILDREN.
[UID:1760][3181096] Reached max children process limit: 6, extra: 2, current: 8, busy: 8, please increase LSAPI_CHILDREN.
[UID:1760][3181096] Reached max children process limit: 6, extra: 2, current: 8, busy: 8, please increase LSAPI_CHILDREN.
[UID:1760][3181096] Reached max children process limit: 6, extra: 2, current: 8, busy: 8, please increase LSAPI_CHILDREN.
[UID:1760][3181096] Reached max children process limit: 6, extra: 2, current: 8, busy: 8, please increase LSAPI_CHILDREN.
[UID:1760][3181096] Reached max children process limit: 6, extra: 2, current: 8, busy: 8, please increase LSAPI_CHILDREN.
[UID:1760][3181096] Reached max children process limit: 6, extra: 2, current: 8, busy: 8, please increase LSAPI_CHILDREN.
[UID:1760][3181096] Reached max children process limit: 6, extra: 2, current: 8, busy: 8, please increase LSAPI_CHILDREN.
[UID:1760][3181096] Reached max children process limit: 6, extra: 2, current: 8, busy: 8, please increase LSAPI_CHILDREN.
[UID:1760][3181096] Reached max children process limit: 6, extra: 2, current: 8, busy: 8, please increase LSAPI_CHILDREN.
[UID:1760][3181096] Reached max children process limit: 6, extra: 2, current: 8, busy: 8, please increase LSAPI_CHILDREN.
[UID:1760][3181096] Reached max children process limit: 6, extra: 2, current: 8, busy: 8, please increase LSAPI_CHILDREN.
[UID:1760][3181096] Reached max children process limit: 6, extra: 2, current: 8, busy: 8, please increase LSAPI_CHILDREN.
[UID:1760][3181096] Reached max children process limit: 6, extra: 2, current: 8, busy: 8, please increase LSAPI_CHILDREN.
[UID:1760][3181096] Reached max children process limit: 6, extra: 2, current: 8, busy: 8, please increase LSAPI_CHILDREN.
[UID:1760][3181096] Reached max children process limit: 6, extra: 2, current: 8, busy: 8, please increase LSAPI_CHILDREN.
[UID:1760][3181096] Reached max children process limit: 6, extra: 2, current: 8, busy: 8, please increase LSAPI_CHILDREN.
[UID:1760][3181096] Reached max children process limit: 6, extra: 2, current: 8, busy: 8, please increase LSAPI_CHILDREN.
[UID:1760][3181096] Reached max children process limit: 6, extra: 2, current: 8, busy: 7, please increase LSAPI_CHILDREN.
[UID:1760][3008290] [UID:1760][2149063] Reached max children process limit: 6, extra: 2, current: 8, busy: 7, please increase LSAPI_CHILDREN.
[UID:1760][2149063] Reached max children process limit: 6, extra: 2, current: 8, busy: 8, please increase LSAPI_CHILDREN.
[UID:1760][2149063] Reached max children process limit: 6, extra: 2, current: 8, busy: 8, please increase LSAPI_CHILDREN.
[UID:1760][2149063] Reached max children process limit: 6, extra: 2, current: 8, busy: 8, please increase LSAPI_CHILDREN.
[UID:1760][2149063] Reached max children process limit: 6, extra: 2, current: 8, busy: 8, please increase LSAPI_CHILDREN.
[UID:1760][2149063] Reached max children process limit: 6, extra: 2, current: 8, busy: 8, please increase LSAPI_CHILDREN.
[UID:1760][2149063] Reached max children process limit: 6, extra: 2, current: 8, busy: 8, please increase LSAPI_CHILDREN.
[UID:1760][2149063] Reached max children process limit: 6, extra: 2, current: 8, busy: 8, please increase LSAPI_CHILDREN.
[UID:1760][2149063] Reached max children process limit: 6, extra: 2, current: 8, busy: 8, please increase LSAPI_CHILDREN.
[UID:1760][2149063] Reached max children process limit: 6, extra: 2, current: 8, busy: 8, please increase LSAPI_CHILDREN.
[UID:1760][2149063] Reached max children process limit: 6, extra: 2, current: 8, busy: 8, please increase LSAPI_CHILDREN.
[UID:1760][2149063] Reached max children process limit: 6, extra: 2, current: 8, busy: 8, please increase LSAPI_CHILDREN.
[UID:1760][2149063] Reached max children process limit: 6, extra: 2, current: 8, busy: 8, please increase LSAPI_CHILDREN.
[UID:1760][2149063] Reached max children process limit: 6, extra: 2, current: 8, busy: 8, please increase LSAPI_CHILDREN.
[UID:1760][2149063] Reached max children process limit: 6, extra: 2, current: 8, busy: 8, please increase LSAPI_CHILDREN.
[UID:1760][2149063] Reached max children process limit: 6, extra: 2, current: 8, busy: 8, please increase LSAPI_CHILDREN.
[UID:1760][2149063] Reached max children process limit: 6, extra: 2, current: 8, busy: 8, please increase LSAPI_CHILDREN.
[UID:1760][2149063] Reached max children process limit: 6, extra: 2, current: 8, busy: 8, please increase LSAPI_CHILDREN.
[UID:1760][2149063] Reached max children process limit: 6, extra: 2, current: 8, busy: 8, please increase LSAPI_CHILDREN.
[UID:1760][2149063] Reached max children process limit: 6, extra: 2, current: 8, busy: 7, please increase LSAPI_CHILDREN.
Failed to send notification emails: 'ContactEnquiry' object has no attribute 'send_notification_emails'
